[ 2018-08-25T09:48:51+08:00 ] 219.239.227.201 /ibdnew/index.php/login/login
INFO: [ app_begin ] --START--
INFO: ReadHtmlCache Behavior ::run [ RunTime:0.000453s ]
INFO: [ app_begin ] --END-- [ RunTime:0.000509s ]
SQL: SHOW COLUMNS FROM `user` [ RunTime:0.000667s ]
NOTIC: [8192] preg_replace(): The /e modifier is deprecated, use preg_replace_callback instead /webdata/ibdnew/ThinkPHP/Lib/Core/Db.class.php 第 605 行.
SQL: SELECT `passwd` FROM `user` WHERE ( name="lnn970215" ) LIMIT 1   [ RunTime:0.000201s ]
NOTIC: [8192] preg_replace(): The /e modifier is deprecated, use preg_replace_callback instead /webdata/ibdnew/ThinkPHP/Lib/Core/Db.class.php 第 605 行.
SQL: SELECT `uid` FROM `user` WHERE ( name="lnn970215" ) LIMIT 1   [ RunTime:0.000174s ]
NOTIC: [8192] preg_replace(): The /e modifier is deprecated, use preg_replace_callback instead /webdata/ibdnew/ThinkPHP/Lib/Core/Db.class.php 第 605 行.
SQL: SELECT `email` FROM `user` WHERE ( name="lnn970215" ) LIMIT 1   [ RunTime:0.000141s ]

[ 2018-08-25T09:49:50+08:00 ] 219.239.227.201 /ibdnew/index.php/Medicine/get_medname
INFO: [ app_begin ] --START--
INFO: ReadHtmlCache Behavior ::run [ RunTime:0.000364s ]
INFO: [ app_begin ] --END-- [ RunTime:0.000411s ]
NOTIC: [2048] Declaration of MedicineAction::redirect() should be compatible with Action::redirect($url, $params = Array, $delay = 0, $msg = '') /webdata/ibdnew/Home/Lib/Action/MedicineAction.class.php 第 4 行.
SQL: SHOW COLUMNS FROM `med_info` [ RunTime:0.000680s ]
NOTIC: [8192] preg_replace(): The /e modifier is deprecated, use preg_replace_callback instead /webdata/ibdnew/ThinkPHP/Lib/Core/Db.class.php 第 605 行.
SQL: SELECT DISTINCT  `med_name` FROM `med_info`  [ RunTime:0.000408s ]
NOTIC: [8192] preg_replace(): The /e modifier is deprecated, use preg_replace_callback instead /webdata/ibdnew/ThinkPHP/Lib/Core/Db.class.php 第 605 行.
SQL: SELECT DISTINCT  `pro_name` FROM `med_info`  [ RunTime:0.000274s ]
NOTIC: [8192] preg_replace(): The /e modifier is deprecated, use preg_replace_callback instead /webdata/ibdnew/ThinkPHP/Lib/Core/Db.class.php 第 605 行.
SQL: SELECT DISTINCT  `med_type` FROM `med_info`  [ RunTime:0.000274s ]
NOTIC: [8192] preg_replace(): The /e modifier is deprecated, use preg_replace_callback instead /webdata/ibdnew/ThinkPHP/Lib/Core/Db.class.php 第 605 行.
SQL: SELECT DISTINCT  `specification` FROM `med_info`  [ RunTime:0.000311s ]
NOTIC: [8192] preg_replace(): The /e modifier is deprecated, use preg_replace_callback instead /webdata/ibdnew/ThinkPHP/Lib/Core/Db.class.php 第 605 行.
SQL: SELECT DISTINCT  `belong` FROM `med_info`  [ RunTime:0.000351s ]
SQL: SHOW COLUMNS FROM `ibdnew` [ RunTime:0.000430s ]
ERR: 1146:Table 'ibdnew.ibdnew' doesn't exist
 [ SQL语句 ] : SHOW COLUMNS FROM `ibdnew`
SQL: SELECT `med_name`,`pro_name`,`specification` FROM `med_info` [ RunTime:0.000277s ]

[ 2018-08-25T09:50:06+08:00 ] 219.239.227.201 /ibdnew/index.php/Medicine/get_medname
INFO: [ app_begin ] --START--
INFO: ReadHtmlCache Behavior ::run [ RunTime:0.000268s ]
INFO: [ app_begin ] --END-- [ RunTime:0.000304s ]
NOTIC: [2048] Declaration of MedicineAction::redirect() should be compatible with Action::redirect($url, $params = Array, $delay = 0, $msg = '') /webdata/ibdnew/Home/Lib/Action/MedicineAction.class.php 第 4 行.
SQL: SHOW COLUMNS FROM `med_info` [ RunTime:0.000640s ]
NOTIC: [8192] preg_replace(): The /e modifier is deprecated, use preg_replace_callback instead /webdata/ibdnew/ThinkPHP/Lib/Core/Db.class.php 第 605 行.
SQL: SELECT DISTINCT  `med_name` FROM `med_info`  [ RunTime:0.000403s ]
NOTIC: [8192] preg_replace(): The /e modifier is deprecated, use preg_replace_callback instead /webdata/ibdnew/ThinkPHP/Lib/Core/Db.class.php 第 605 行.
SQL: SELECT DISTINCT  `pro_name` FROM `med_info`  [ RunTime:0.000306s ]
NOTIC: [8192] preg_replace(): The /e modifier is deprecated, use preg_replace_callback instead /webdata/ibdnew/ThinkPHP/Lib/Core/Db.class.php 第 605 行.
SQL: SELECT DISTINCT  `med_type` FROM `med_info`  [ RunTime:0.000241s ]
NOTIC: [8192] preg_replace(): The /e modifier is deprecated, use preg_replace_callback instead /webdata/ibdnew/ThinkPHP/Lib/Core/Db.class.php 第 605 行.
SQL: SELECT DISTINCT  `specification` FROM `med_info`  [ RunTime:0.000297s ]
NOTIC: [8192] preg_replace(): The /e modifier is deprecated, use preg_replace_callback instead /webdata/ibdnew/ThinkPHP/Lib/Core/Db.class.php 第 605 行.
SQL: SELECT DISTINCT  `belong` FROM `med_info`  [ RunTime:0.000309s ]
SQL: SHOW COLUMNS FROM `ibdnew` [ RunTime:0.000374s ]
ERR: 1146:Table 'ibdnew.ibdnew' doesn't exist
 [ SQL语句 ] : SHOW COLUMNS FROM `ibdnew`
SQL: SELECT `med_name`,`pro_name`,`specification` FROM `med_info` [ RunTime:0.000278s ]

