[ 2018-06-29T18:14:42+08:00 ] 219.239.227.235 /ibdnew/index.php/login/login
INFO: [ app_begin ] --START--
INFO: ReadHtmlCache Behavior ::run [ RunTime:0.000315s ]
INFO: [ app_begin ] --END-- [ RunTime:0.000350s ]
SQL: SHOW COLUMNS FROM `user` [ RunTime:0.000671s ]
NOTIC: [8192] preg_replace(): The /e modifier is deprecated, use preg_replace_callback instead /webdata/ibdnew/ThinkPHP/Lib/Core/Db.class.php 第 605 行.
SQL: SELECT `passwd` FROM `user` WHERE ( name="lnn970215" ) LIMIT 1   [ RunTime:0.000259s ]
NOTIC: [8192] preg_replace(): The /e modifier is deprecated, use preg_replace_callback instead /webdata/ibdnew/ThinkPHP/Lib/Core/Db.class.php 第 605 行.
SQL: SELECT `uid` FROM `user` WHERE ( name="lnn970215" ) LIMIT 1   [ RunTime:0.000184s ]
NOTIC: [8192] preg_replace(): The /e modifier is deprecated, use preg_replace_callback instead /webdata/ibdnew/ThinkPHP/Lib/Core/Db.class.php 第 605 行.
SQL: SELECT `email` FROM `user` WHERE ( name="lnn970215" ) LIMIT 1   [ RunTime:0.000141s ]

[ 2018-06-29T18:18:00+08:00 ] 219.239.227.235 /ibdnew/index.php/Diagnosis/widgets.html
ERR: 非法操作:widgets

[ 2018-06-29T18:30:54+08:00 ] 219.239.227.235 /ibdnew/index.php/Medicine/get_medname
INFO: [ app_begin ] --START--
INFO: ReadHtmlCache Behavior ::run [ RunTime:0.000290s ]
INFO: [ app_begin ] --END-- [ RunTime:0.000328s ]
NOTIC: [2048] Declaration of MedicineAction::redirect() should be compatible with Action::redirect($url, $params = Array, $delay = 0, $msg = '') /webdata/ibdnew/Home/Lib/Action/MedicineAction.class.php 第 3 行.
SQL: SHOW COLUMNS FROM `med_info` [ RunTime:0.000665s ]
NOTIC: [8192] preg_replace(): The /e modifier is deprecated, use preg_replace_callback instead /webdata/ibdnew/ThinkPHP/Lib/Core/Db.class.php 第 605 行.
SQL: SELECT DISTINCT  `med_name` FROM `med_info`  [ RunTime:0.000223s ]
NOTIC: [8192] preg_replace(): The /e modifier is deprecated, use preg_replace_callback instead /webdata/ibdnew/ThinkPHP/Lib/Core/Db.class.php 第 605 行.
SQL: SELECT DISTINCT  `pro_name` FROM `med_info`  [ RunTime:0.000281s ]
NOTIC: [8192] preg_replace(): The /e modifier is deprecated, use preg_replace_callback instead /webdata/ibdnew/ThinkPHP/Lib/Core/Db.class.php 第 605 行.
SQL: SELECT DISTINCT  `med_type` FROM `med_info`  [ RunTime:0.000161s ]
NOTIC: [8192] preg_replace(): The /e modifier is deprecated, use preg_replace_callback instead /webdata/ibdnew/ThinkPHP/Lib/Core/Db.class.php 第 605 行.
SQL: SELECT DISTINCT  `specification` FROM `med_info`  [ RunTime:0.000156s ]
NOTIC: [8192] preg_replace(): The /e modifier is deprecated, use preg_replace_callback instead /webdata/ibdnew/ThinkPHP/Lib/Core/Db.class.php 第 605 行.
SQL: SELECT DISTINCT  `belong` FROM `med_info`  [ RunTime:0.000175s ]

[ 2018-06-29T18:50:50+08:00 ] 106.121.19.80 /ibdnew/index.php/Medicine/get_medname
INFO: [ app_begin ] --START--
INFO: ReadHtmlCache Behavior ::run [ RunTime:0.000288s ]
INFO: [ app_begin ] --END-- [ RunTime:0.000325s ]
NOTIC: [2048] Declaration of MedicineAction::redirect() should be compatible with Action::redirect($url, $params = Array, $delay = 0, $msg = '') /webdata/ibdnew/Home/Lib/Action/MedicineAction.class.php 第 3 行.
SQL: SHOW COLUMNS FROM `med_info` [ RunTime:0.000659s ]
NOTIC: [8192] preg_replace(): The /e modifier is deprecated, use preg_replace_callback instead /webdata/ibdnew/ThinkPHP/Lib/Core/Db.class.php 第 605 行.
SQL: SELECT DISTINCT  `med_name` FROM `med_info`  [ RunTime:0.000217s ]
NOTIC: [8192] preg_replace(): The /e modifier is deprecated, use preg_replace_callback instead /webdata/ibdnew/ThinkPHP/Lib/Core/Db.class.php 第 605 行.
SQL: SELECT DISTINCT  `pro_name` FROM `med_info`  [ RunTime:0.000153s ]
NOTIC: [8192] preg_replace(): The /e modifier is deprecated, use preg_replace_callback instead /webdata/ibdnew/ThinkPHP/Lib/Core/Db.class.php 第 605 行.
SQL: SELECT DISTINCT  `med_type` FROM `med_info`  [ RunTime:0.000150s ]
NOTIC: [8192] preg_replace(): The /e modifier is deprecated, use preg_replace_callback instead /webdata/ibdnew/ThinkPHP/Lib/Core/Db.class.php 第 605 行.
SQL: SELECT DISTINCT  `specification` FROM `med_info`  [ RunTime:0.000154s ]
NOTIC: [8192] preg_replace(): The /e modifier is deprecated, use preg_replace_callback instead /webdata/ibdnew/ThinkPHP/Lib/Core/Db.class.php 第 605 行.
SQL: SELECT DISTINCT  `belong` FROM `med_info`  [ RunTime:0.000156s ]

[ 2018-06-29T18:53:47+08:00 ] 106.121.19.80 /ibdnew/index.php/Medicine/widgets.html
ERR: 非法操作:widgets

[ 2018-06-29T18:53:49+08:00 ] 106.121.19.80 /ibdnew/index.php/Medicine/get_medname
INFO: [ app_begin ] --START--
INFO: ReadHtmlCache Behavior ::run [ RunTime:0.000259s ]
INFO: [ app_begin ] --END-- [ RunTime:0.000293s ]
NOTIC: [2048] Declaration of MedicineAction::redirect() should be compatible with Action::redirect($url, $params = Array, $delay = 0, $msg = '') /webdata/ibdnew/Home/Lib/Action/MedicineAction.class.php 第 3 行.
SQL: SHOW COLUMNS FROM `med_info` [ RunTime:0.000659s ]
NOTIC: [8192] preg_replace(): The /e modifier is deprecated, use preg_replace_callback instead /webdata/ibdnew/ThinkPHP/Lib/Core/Db.class.php 第 605 行.
SQL: SELECT DISTINCT  `med_name` FROM `med_info`  [ RunTime:0.000223s ]
NOTIC: [8192] preg_replace(): The /e modifier is deprecated, use preg_replace_callback instead /webdata/ibdnew/ThinkPHP/Lib/Core/Db.class.php 第 605 行.
SQL: SELECT DISTINCT  `pro_name` FROM `med_info`  [ RunTime:0.000170s ]
NOTIC: [8192] preg_replace(): The /e modifier is deprecated, use preg_replace_callback instead /webdata/ibdnew/ThinkPHP/Lib/Core/Db.class.php 第 605 行.
SQL: SELECT DISTINCT  `med_type` FROM `med_info`  [ RunTime:0.000142s ]
NOTIC: [8192] preg_replace(): The /e modifier is deprecated, use preg_replace_callback instead /webdata/ibdnew/ThinkPHP/Lib/Core/Db.class.php 第 605 行.
SQL: SELECT DISTINCT  `specification` FROM `med_info`  [ RunTime:0.000141s ]
NOTIC: [8192] preg_replace(): The /e modifier is deprecated, use preg_replace_callback instead /webdata/ibdnew/ThinkPHP/Lib/Core/Db.class.php 第 605 行.
SQL: SELECT DISTINCT  `belong` FROM `med_info`  [ RunTime:0.000165s ]

[ 2018-06-29T19:01:38+08:00 ] 106.121.19.80 /ibdnew/index.php/Symptoms/save_sym
INFO: [ app_begin ] --START--
INFO: ReadHtmlCache Behavior ::run [ RunTime:0.000290s ]
INFO: [ app_begin ] --END-- [ RunTime:0.000324s ]
NOTIC: [2048] Declaration of SymptomsAction::redirect() should be compatible with Action::redirect($url, $params = Array, $delay = 0, $msg = '') /webdata/ibdnew/Home/Lib/Action/SymptomsAction.class.php 第 3 行.
SQL: SHOW COLUMNS FROM `symptoms` [ RunTime:0.000649s ]
SQL: SHOW COLUMNS FROM `sym_other` [ RunTime:0.000442s ]
NOTIC: [8] Use of undefined constant symptom - assumed 'symptom' /webdata/ibdnew/Home/Lib/Action/SymptomsAction.class.php 第 27 行.
NOTIC: [8] Use of undefined constant symptom - assumed 'symptom' /webdata/ibdnew/Home/Lib/Action/SymptomsAction.class.php 第 27 行.
NOTIC: [8] Use of undefined constant symptom - assumed 'symptom' /webdata/ibdnew/Home/Lib/Action/SymptomsAction.class.php 第 27 行.
NOTIC: [8] Use of undefined constant symptom - assumed 'symptom' /webdata/ibdnew/Home/Lib/Action/SymptomsAction.class.php 第 27 行.
NOTIC: [8] Use of undefined constant symptom - assumed 'symptom' /webdata/ibdnew/Home/Lib/Action/SymptomsAction.class.php 第 27 行.
NOTIC: [8] Use of undefined constant symptom - assumed 'symptom' /webdata/ibdnew/Home/Lib/Action/SymptomsAction.class.php 第 27 行.
NOTIC: [8] Use of undefined constant symptom - assumed 'symptom' /webdata/ibdnew/Home/Lib/Action/SymptomsAction.class.php 第 27 行.
NOTIC: [8] Use of undefined constant symptom - assumed 'symptom' /webdata/ibdnew/Home/Lib/Action/SymptomsAction.class.php 第 27 行.
NOTIC: [8] Use of undefined constant symptom - assumed 'symptom' /webdata/ibdnew/Home/Lib/Action/SymptomsAction.class.php 第 27 行.
NOTIC: [8] Use of undefined constant symptom - assumed 'symptom' /webdata/ibdnew/Home/Lib/Action/SymptomsAction.class.php 第 27 行.
NOTIC: [8192] preg_replace(): The /e modifier is deprecated, use preg_replace_callback instead /webdata/ibdnew/ThinkPHP/Lib/Core/Db.class.php 第 605 行.
SQL: SELECT * FROM `symptoms` WHERE ( cnum = "15061201" and check_time="2018-06-06" )  [ RunTime:0.000185s ]
SQL: INSERT INTO `symptoms` (`cnum`,`check_time`,`symptom`,`signs`,`smoke`,`drink`,`lactose`,`abdomen`,`pregnancy`,`colon`) VALUES ('15061201','2018-06-06','11100110036588',100000000,2,2,2,'001000001000',0,1) [ RunTime:0.000159s ]

[ 2018-06-29T19:17:40+08:00 ] 106.121.19.80 /ibdnew/index.php/Medicine/get_medname
INFO: [ app_begin ] --START--
INFO: ReadHtmlCache Behavior ::run [ RunTime:0.000390s ]
INFO: [ app_begin ] --END-- [ RunTime:0.000472s ]
NOTIC: [2048] Declaration of MedicineAction::redirect() should be compatible with Action::redirect($url, $params = Array, $delay = 0, $msg = '') /webdata/ibdnew/Home/Lib/Action/MedicineAction.class.php 第 3 行.
SQL: SHOW COLUMNS FROM `med_info` [ RunTime:0.000644s ]
NOTIC: [8192] preg_replace(): The /e modifier is deprecated, use preg_replace_callback instead /webdata/ibdnew/ThinkPHP/Lib/Core/Db.class.php 第 605 行.
SQL: SELECT DISTINCT  `med_name` FROM `med_info`  [ RunTime:0.000202s ]
NOTIC: [8192] preg_replace(): The /e modifier is deprecated, use preg_replace_callback instead /webdata/ibdnew/ThinkPHP/Lib/Core/Db.class.php 第 605 行.
SQL: SELECT DISTINCT  `pro_name` FROM `med_info`  [ RunTime:0.000153s ]
NOTIC: [8192] preg_replace(): The /e modifier is deprecated, use preg_replace_callback instead /webdata/ibdnew/ThinkPHP/Lib/Core/Db.class.php 第 605 行.
SQL: SELECT DISTINCT  `med_type` FROM `med_info`  [ RunTime:0.000180s ]
NOTIC: [8192] preg_replace(): The /e modifier is deprecated, use preg_replace_callback instead /webdata/ibdnew/ThinkPHP/Lib/Core/Db.class.php 第 605 行.
SQL: SELECT DISTINCT  `specification` FROM `med_info`  [ RunTime:0.000175s ]
NOTIC: [8192] preg_replace(): The /e modifier is deprecated, use preg_replace_callback instead /webdata/ibdnew/ThinkPHP/Lib/Core/Db.class.php 第 605 行.
SQL: SELECT DISTINCT  `belong` FROM `med_info`  [ RunTime:0.000156s ]

