[ 2018-08-17T01:07:34+08:00 ] 219.239.227.201 /ibdnew/index.php/login/login
INFO: [ app_begin ] --START--
INFO: ReadHtmlCache Behavior ::run [ RunTime:0.000285s ]
INFO: [ app_begin ] --END-- [ RunTime:0.000320s ]
SQL: SHOW COLUMNS FROM `user` [ RunTime:0.000628s ]
NOTIC: [8192] preg_replace(): The /e modifier is deprecated, use preg_replace_callback instead /webdata/ibdnew/ThinkPHP/Lib/Core/Db.class.php 第 605 行.
SQL: SELECT `passwd` FROM `user` WHERE ( name="lnn970215" ) LIMIT 1   [ RunTime:0.000203s ]
NOTIC: [8192] preg_replace(): The /e modifier is deprecated, use preg_replace_callback instead /webdata/ibdnew/ThinkPHP/Lib/Core/Db.class.php 第 605 行.
SQL: SELECT `uid` FROM `user` WHERE ( name="lnn970215" ) LIMIT 1   [ RunTime:0.000164s ]
NOTIC: [8192] preg_replace(): The /e modifier is deprecated, use preg_replace_callback instead /webdata/ibdnew/ThinkPHP/Lib/Core/Db.class.php 第 605 行.
SQL: SELECT `email` FROM `user` WHERE ( name="lnn970215" ) LIMIT 1   [ RunTime:0.000149s ]

[ 2018-08-17T01:07:39+08:00 ] 219.239.227.201 /ibdnew/index.php/Medicine/get_medname
INFO: [ app_begin ] --START--
INFO: ReadHtmlCache Behavior ::run [ RunTime:0.000296s ]
INFO: [ app_begin ] --END-- [ RunTime:0.000333s ]
NOTIC: [2048] Declaration of MedicineAction::redirect() should be compatible with Action::redirect($url, $params = Array, $delay = 0, $msg = '') /webdata/ibdnew/Home/Lib/Action/MedicineAction.class.php 第 4 行.
SQL: SHOW COLUMNS FROM `med_info` [ RunTime:0.000750s ]
NOTIC: [8192] preg_replace(): The /e modifier is deprecated, use preg_replace_callback instead /webdata/ibdnew/ThinkPHP/Lib/Core/Db.class.php 第 605 行.
SQL: SELECT DISTINCT  `med_name` FROM `med_info`  [ RunTime:0.000428s ]
NOTIC: [8192] preg_replace(): The /e modifier is deprecated, use preg_replace_callback instead /webdata/ibdnew/ThinkPHP/Lib/Core/Db.class.php 第 605 行.
SQL: SELECT DISTINCT  `pro_name` FROM `med_info`  [ RunTime:0.000258s ]
NOTIC: [8192] preg_replace(): The /e modifier is deprecated, use preg_replace_callback instead /webdata/ibdnew/ThinkPHP/Lib/Core/Db.class.php 第 605 行.
SQL: SELECT DISTINCT  `med_type` FROM `med_info`  [ RunTime:0.000262s ]
NOTIC: [8192] preg_replace(): The /e modifier is deprecated, use preg_replace_callback instead /webdata/ibdnew/ThinkPHP/Lib/Core/Db.class.php 第 605 行.
SQL: SELECT DISTINCT  `specification` FROM `med_info`  [ RunTime:0.000325s ]
NOTIC: [8192] preg_replace(): The /e modifier is deprecated, use preg_replace_callback instead /webdata/ibdnew/ThinkPHP/Lib/Core/Db.class.php 第 605 行.
SQL: SELECT DISTINCT  `belong` FROM `med_info`  [ RunTime:0.000365s ]
SQL: SHOW COLUMNS FROM `ibdnew` [ RunTime:0.000392s ]
ERR: 1146:Table 'ibdnew.ibdnew' doesn't exist
 [ SQL语句 ] : SHOW COLUMNS FROM `ibdnew`
SQL: SELECT `med_name`,`pro_name`,`specification` FROM `med_info` [ RunTime:0.000255s ]

[ 2018-08-17T01:08:41+08:00 ] 219.239.227.201 /ibdnew/index.php/Medicine/save_Medicine
INFO: [ app_begin ] --START--
INFO: ReadHtmlCache Behavior ::run [ RunTime:0.000348s ]
INFO: [ app_begin ] --END-- [ RunTime:0.000403s ]
NOTIC: [2048] Declaration of MedicineAction::redirect() should be compatible with Action::redirect($url, $params = Array, $delay = 0, $msg = '') /webdata/ibdnew/Home/Lib/Action/MedicineAction.class.php 第 4 行.
SQL: SHOW COLUMNS FROM `med_info` [ RunTime:0.000684s ]
NOTIC: [8192] preg_replace(): The /e modifier is deprecated, use preg_replace_callback instead /webdata/ibdnew/ThinkPHP/Lib/Core/Db.class.php 第 605 行.
SQL: SELECT `belong`,`belong_id` FROM `med_info` WHERE ( med_name = "中/长链脂肪乳注射液（C8-24Ve）" and pro_name= "" and specification= "20%/250ml"  )  [ RunTime:0.000308s ]
SQL: SHOW COLUMNS FROM `med__p_n` [ RunTime:0.000440s ]
ERR: 1146:Table 'ibdnew.med__p_n' doesn't exist
 [ SQL语句 ] : SHOW COLUMNS FROM `med__p_n`
NOTIC: [8192] preg_replace(): The /e modifier is deprecated, use preg_replace_callback instead /webdata/ibdnew/ThinkPHP/Lib/Core/Db.class.php 第 605 行.
SQL: SELECT * FROM `med__p_n` WHERE ( `cnum` = '15061072' ) AND ( `med_name` = '2' ) AND ( `med_stime` = '2018-08-22' )  [ RunTime:0.000187s ]
ERR: 1146:Table 'ibdnew.med__p_n' doesn't exist
 [ SQL语句 ] : SELECT * FROM `med__p_n` WHERE ( `cnum` = '15061072' ) AND ( `med_name` = '2' ) AND ( `med_stime` = '2018-08-22' ) 
SQL: INSERT INTO `med__p_n` (`cnum`,`med_name`,`pro_name`,`med_dose`,`med_times`,`med_stime`,`med_sptime`,`specification`,`med_way`) VALUES ('15061072','2','','90mg/次','每小时1次','2018-08-22','2018-08-28','20%/250ml','雾化') [ RunTime:0.000167s ]
ERR: 1146:Table 'ibdnew.med__p_n' doesn't exist
 [ SQL语句 ] : INSERT INTO `med__p_n` (`cnum`,`med_name`,`pro_name`,`med_dose`,`med_times`,`med_stime`,`med_sptime`,`specification`,`med_way`) VALUES ('15061072','2','','90mg/次','每小时1次','2018-08-22','2018-08-28','20%/250ml','雾化')

[ 2018-08-17T01:08:45+08:00 ] 219.239.227.201 /ibdnew/index.php/Medicine/get_medname
INFO: [ app_begin ] --START--
INFO: ReadHtmlCache Behavior ::run [ RunTime:0.000296s ]
INFO: [ app_begin ] --END-- [ RunTime:0.000340s ]
NOTIC: [2048] Declaration of MedicineAction::redirect() should be compatible with Action::redirect($url, $params = Array, $delay = 0, $msg = '') /webdata/ibdnew/Home/Lib/Action/MedicineAction.class.php 第 4 行.
SQL: SHOW COLUMNS FROM `med_info` [ RunTime:0.000921s ]
NOTIC: [8192] preg_replace(): The /e modifier is deprecated, use preg_replace_callback instead /webdata/ibdnew/ThinkPHP/Lib/Core/Db.class.php 第 605 行.
SQL: SELECT DISTINCT  `med_name` FROM `med_info`  [ RunTime:0.000507s ]
NOTIC: [8192] preg_replace(): The /e modifier is deprecated, use preg_replace_callback instead /webdata/ibdnew/ThinkPHP/Lib/Core/Db.class.php 第 605 行.
SQL: SELECT DISTINCT  `pro_name` FROM `med_info`  [ RunTime:0.000381s ]
NOTIC: [8192] preg_replace(): The /e modifier is deprecated, use preg_replace_callback instead /webdata/ibdnew/ThinkPHP/Lib/Core/Db.class.php 第 605 行.
SQL: SELECT DISTINCT  `med_type` FROM `med_info`  [ RunTime:0.000354s ]
NOTIC: [8192] preg_replace(): The /e modifier is deprecated, use preg_replace_callback instead /webdata/ibdnew/ThinkPHP/Lib/Core/Db.class.php 第 605 行.
SQL: SELECT DISTINCT  `specification` FROM `med_info`  [ RunTime:0.000346s ]
NOTIC: [8192] preg_replace(): The /e modifier is deprecated, use preg_replace_callback instead /webdata/ibdnew/ThinkPHP/Lib/Core/Db.class.php 第 605 行.
SQL: SELECT DISTINCT  `belong` FROM `med_info`  [ RunTime:0.000422s ]
SQL: SHOW COLUMNS FROM `ibdnew` [ RunTime:0.000473s ]
ERR: 1146:Table 'ibdnew.ibdnew' doesn't exist
 [ SQL语句 ] : SHOW COLUMNS FROM `ibdnew`
SQL: SELECT `med_name`,`pro_name`,`specification` FROM `med_info` [ RunTime:0.000323s ]

[ 2018-08-17T01:09:01+08:00 ] 219.239.227.201 /ibdnew/index.php/Medicine/get_medname
INFO: [ app_begin ] --START--
INFO: ReadHtmlCache Behavior ::run [ RunTime:0.000271s ]
INFO: [ app_begin ] --END-- [ RunTime:0.000307s ]
NOTIC: [2048] Declaration of MedicineAction::redirect() should be compatible with Action::redirect($url, $params = Array, $delay = 0, $msg = '') /webdata/ibdnew/Home/Lib/Action/MedicineAction.class.php 第 4 行.
SQL: SHOW COLUMNS FROM `med_info` [ RunTime:0.000719s ]
NOTIC: [8192] preg_replace(): The /e modifier is deprecated, use preg_replace_callback instead /webdata/ibdnew/ThinkPHP/Lib/Core/Db.class.php 第 605 行.
SQL: SELECT DISTINCT  `med_name` FROM `med_info`  [ RunTime:0.000394s ]
NOTIC: [8192] preg_replace(): The /e modifier is deprecated, use preg_replace_callback instead /webdata/ibdnew/ThinkPHP/Lib/Core/Db.class.php 第 605 行.
SQL: SELECT DISTINCT  `pro_name` FROM `med_info`  [ RunTime:0.000415s ]
NOTIC: [8192] preg_replace(): The /e modifier is deprecated, use preg_replace_callback instead /webdata/ibdnew/ThinkPHP/Lib/Core/Db.class.php 第 605 行.
SQL: SELECT DISTINCT  `med_type` FROM `med_info`  [ RunTime:0.000261s ]
NOTIC: [8192] preg_replace(): The /e modifier is deprecated, use preg_replace_callback instead /webdata/ibdnew/ThinkPHP/Lib/Core/Db.class.php 第 605 行.
SQL: SELECT DISTINCT  `specification` FROM `med_info`  [ RunTime:0.000391s ]
NOTIC: [8192] preg_replace(): The /e modifier is deprecated, use preg_replace_callback instead /webdata/ibdnew/ThinkPHP/Lib/Core/Db.class.php 第 605 行.
SQL: SELECT DISTINCT  `belong` FROM `med_info`  [ RunTime:0.000394s ]
SQL: SHOW COLUMNS FROM `ibdnew` [ RunTime:0.000516s ]
ERR: 1146:Table 'ibdnew.ibdnew' doesn't exist
 [ SQL语句 ] : SHOW COLUMNS FROM `ibdnew`
SQL: SELECT `med_name`,`pro_name`,`specification` FROM `med_info` [ RunTime:0.000302s ]

[ 2018-08-17T01:09:09+08:00 ] 219.239.227.201 /ibdnew/index.php/Medicine/save_Medicine
INFO: [ app_begin ] --START--
INFO: ReadHtmlCache Behavior ::run [ RunTime:0.000266s ]
INFO: [ app_begin ] --END-- [ RunTime:0.000302s ]
NOTIC: [2048] Declaration of MedicineAction::redirect() should be compatible with Action::redirect($url, $params = Array, $delay = 0, $msg = '') /webdata/ibdnew/Home/Lib/Action/MedicineAction.class.php 第 4 行.
SQL: SHOW COLUMNS FROM `med_info` [ RunTime:0.000653s ]
NOTIC: [8192] preg_replace(): The /e modifier is deprecated, use preg_replace_callback instead /webdata/ibdnew/ThinkPHP/Lib/Core/Db.class.php 第 605 行.
SQL: SELECT `belong`,`belong_id` FROM `med_info` WHERE ( med_name = "中/长链脂肪乳注射液（C8-24Ve）" and pro_name= "" and specification= "20%/250ml"  )  [ RunTime:0.000261s ]
SQL: SHOW COLUMNS FROM `med__p_n` [ RunTime:0.000354s ]
ERR: 1146:Table 'ibdnew.med__p_n' doesn't exist
 [ SQL语句 ] : SHOW COLUMNS FROM `med__p_n`
NOTIC: [8192] preg_replace(): The /e modifier is deprecated, use preg_replace_callback instead /webdata/ibdnew/ThinkPHP/Lib/Core/Db.class.php 第 605 行.
SQL: SELECT * FROM `med__p_n` WHERE ( `cnum` = '15061072' ) AND ( `med_name` = '2' ) AND ( `med_stime` = '2018-08-22' )  [ RunTime:0.000134s ]
ERR: 1146:Table 'ibdnew.med__p_n' doesn't exist
 [ SQL语句 ] : SELECT * FROM `med__p_n` WHERE ( `cnum` = '15061072' ) AND ( `med_name` = '2' ) AND ( `med_stime` = '2018-08-22' ) 
SQL: INSERT INTO `med__p_n` (`cnum`,`med_name`,`pro_name`,`med_dose`,`med_times`,`med_stime`,`med_sptime`,`specification`,`med_way`) VALUES ('15061072','2','','90mg/次','每小时1次','2018-08-22','2018-08-28','20%/250ml','雾化') [ RunTime:0.000122s ]
ERR: 1146:Table 'ibdnew.med__p_n' doesn't exist
 [ SQL语句 ] : INSERT INTO `med__p_n` (`cnum`,`med_name`,`pro_name`,`med_dose`,`med_times`,`med_stime`,`med_sptime`,`specification`,`med_way`) VALUES ('15061072','2','','90mg/次','每小时1次','2018-08-22','2018-08-28','20%/250ml','雾化')

[ 2018-08-17T01:09:32+08:00 ] 219.239.227.201 /ibdnew/index.php/login/login
INFO: [ app_begin ] --START--
INFO: ReadHtmlCache Behavior ::run [ RunTime:0.000372s ]
INFO: [ app_begin ] --END-- [ RunTime:0.000418s ]
SQL: SHOW COLUMNS FROM `user` [ RunTime:0.000669s ]
NOTIC: [8192] preg_replace(): The /e modifier is deprecated, use preg_replace_callback instead /webdata/ibdnew/ThinkPHP/Lib/Core/Db.class.php 第 605 行.
SQL: SELECT `passwd` FROM `user` WHERE ( name="lnn970215" ) LIMIT 1   [ RunTime:0.000202s ]
NOTIC: [8192] preg_replace(): The /e modifier is deprecated, use preg_replace_callback instead /webdata/ibdnew/ThinkPHP/Lib/Core/Db.class.php 第 605 行.
SQL: SELECT `uid` FROM `user` WHERE ( name="lnn970215" ) LIMIT 1   [ RunTime:0.000191s ]
NOTIC: [8192] preg_replace(): The /e modifier is deprecated, use preg_replace_callback instead /webdata/ibdnew/ThinkPHP/Lib/Core/Db.class.php 第 605 行.
SQL: SELECT `email` FROM `user` WHERE ( name="lnn970215" ) LIMIT 1   [ RunTime:0.000163s ]

[ 2018-08-17T01:09:39+08:00 ] 219.239.227.201 /ibdnew/index.php/Medicine/get_medname
INFO: [ app_begin ] --START--
INFO: ReadHtmlCache Behavior ::run [ RunTime:0.000266s ]
INFO: [ app_begin ] --END-- [ RunTime:0.000301s ]
NOTIC: [2048] Declaration of MedicineAction::redirect() should be compatible with Action::redirect($url, $params = Array, $delay = 0, $msg = '') /webdata/ibdnew/Home/Lib/Action/MedicineAction.class.php 第 4 行.
SQL: SHOW COLUMNS FROM `med_info` [ RunTime:0.000723s ]
NOTIC: [8192] preg_replace(): The /e modifier is deprecated, use preg_replace_callback instead /webdata/ibdnew/ThinkPHP/Lib/Core/Db.class.php 第 605 行.
SQL: SELECT DISTINCT  `med_name` FROM `med_info`  [ RunTime:0.000377s ]
NOTIC: [8192] preg_replace(): The /e modifier is deprecated, use preg_replace_callback instead /webdata/ibdnew/ThinkPHP/Lib/Core/Db.class.php 第 605 行.
SQL: SELECT DISTINCT  `pro_name` FROM `med_info`  [ RunTime:0.000285s ]
NOTIC: [8192] preg_replace(): The /e modifier is deprecated, use preg_replace_callback instead /webdata/ibdnew/ThinkPHP/Lib/Core/Db.class.php 第 605 行.
SQL: SELECT DISTINCT  `med_type` FROM `med_info`  [ RunTime:0.000260s ]
NOTIC: [8192] preg_replace(): The /e modifier is deprecated, use preg_replace_callback instead /webdata/ibdnew/ThinkPHP/Lib/Core/Db.class.php 第 605 行.
SQL: SELECT DISTINCT  `specification` FROM `med_info`  [ RunTime:0.000289s ]
NOTIC: [8192] preg_replace(): The /e modifier is deprecated, use preg_replace_callback instead /webdata/ibdnew/ThinkPHP/Lib/Core/Db.class.php 第 605 行.
SQL: SELECT DISTINCT  `belong` FROM `med_info`  [ RunTime:0.000310s ]
SQL: SHOW COLUMNS FROM `ibdnew` [ RunTime:0.000372s ]
ERR: 1146:Table 'ibdnew.ibdnew' doesn't exist
 [ SQL语句 ] : SHOW COLUMNS FROM `ibdnew`
SQL: SELECT `med_name`,`pro_name`,`specification` FROM `med_info` [ RunTime:0.000273s ]

[ 2018-08-17T01:20:10+08:00 ] 219.239.227.201 /ibdnew/index.php/Medicine/save_Medicine
INFO: [ app_begin ] --START--
INFO: ReadHtmlCache Behavior ::run [ RunTime:0.000320s ]
INFO: [ app_begin ] --END-- [ RunTime:0.000365s ]

[ 2018-08-17T01:20:10+08:00 ] 219.239.227.201 /ibdnew/index.php/Medicine/save_Medicine
INFO: [ app_begin ] --START--
INFO: ReadHtmlCache Behavior ::run [ RunTime:0.000428s ]
INFO: [ app_begin ] --END-- [ RunTime:0.000480s ]

[ 2018-08-17T01:26:40+08:00 ] 219.239.227.201 /ibdnew/index.php/Medicine/get_medname
INFO: [ app_begin ] --START--
INFO: ReadHtmlCache Behavior ::run [ RunTime:0.000264s ]
INFO: [ app_begin ] --END-- [ RunTime:0.000299s ]
NOTIC: [2048] Declaration of MedicineAction::redirect() should be compatible with Action::redirect($url, $params = Array, $delay = 0, $msg = '') /webdata/ibdnew/Home/Lib/Action/MedicineAction.class.php 第 4 行.
SQL: SHOW COLUMNS FROM `med_info` [ RunTime:0.000677s ]
NOTIC: [8192] preg_replace(): The /e modifier is deprecated, use preg_replace_callback instead /webdata/ibdnew/ThinkPHP/Lib/Core/Db.class.php 第 605 行.
SQL: SELECT DISTINCT  `med_name` FROM `med_info`  [ RunTime:0.000434s ]
NOTIC: [8192] preg_replace(): The /e modifier is deprecated, use preg_replace_callback instead /webdata/ibdnew/ThinkPHP/Lib/Core/Db.class.php 第 605 行.
SQL: SELECT DISTINCT  `pro_name` FROM `med_info`  [ RunTime:0.000258s ]
NOTIC: [8192] preg_replace(): The /e modifier is deprecated, use preg_replace_callback instead /webdata/ibdnew/ThinkPHP/Lib/Core/Db.class.php 第 605 行.
SQL: SELECT DISTINCT  `med_type` FROM `med_info`  [ RunTime:0.000238s ]
NOTIC: [8192] preg_replace(): The /e modifier is deprecated, use preg_replace_callback instead /webdata/ibdnew/ThinkPHP/Lib/Core/Db.class.php 第 605 行.
SQL: SELECT DISTINCT  `specification` FROM `med_info`  [ RunTime:0.000287s ]
NOTIC: [8192] preg_replace(): The /e modifier is deprecated, use preg_replace_callback instead /webdata/ibdnew/ThinkPHP/Lib/Core/Db.class.php 第 605 行.
SQL: SELECT DISTINCT  `belong` FROM `med_info`  [ RunTime:0.000314s ]
SQL: SHOW COLUMNS FROM `ibdnew` [ RunTime:0.000424s ]
ERR: 1146:Table 'ibdnew.ibdnew' doesn't exist
 [ SQL语句 ] : SHOW COLUMNS FROM `ibdnew`
SQL: SELECT `med_name`,`pro_name`,`specification` FROM `med_info` [ RunTime:0.000238s ]

[ 2018-08-17T01:26:49+08:00 ] 219.239.227.201 /ibdnew/index.php/Medicine/save_Medicine
INFO: [ app_begin ] --START--
INFO: ReadHtmlCache Behavior ::run [ RunTime:0.000333s ]
INFO: [ app_begin ] --END-- [ RunTime:0.000373s ]
NOTIC: [2048] Declaration of MedicineAction::redirect() should be compatible with Action::redirect($url, $params = Array, $delay = 0, $msg = '') /webdata/ibdnew/Home/Lib/Action/MedicineAction.class.php 第 4 行.
SQL: SHOW COLUMNS FROM `med_info` [ RunTime:0.000725s ]
NOTIC: [8192] preg_replace(): The /e modifier is deprecated, use preg_replace_callback instead /webdata/ibdnew/ThinkPHP/Lib/Core/Db.class.php 第 605 行.
SQL: SELECT `belong`,`belong_id` FROM `med_info` WHERE ( med_name = "中/长链脂肪乳注射液（C8-24Ve）" and pro_name= "" and specification= "20%/250ml"  )  [ RunTime:0.000272s ]
SQL: SHOW COLUMNS FROM `med_pn` [ RunTime:0.000510s ]
NOTIC: [8192] preg_replace(): The /e modifier is deprecated, use preg_replace_callback instead /webdata/ibdnew/ThinkPHP/Lib/Core/Db.class.php 第 605 行.
SQL: SELECT * FROM `med_pn` WHERE ( `cnum` = '15061072' ) AND ( `med_name` = 2 ) AND ( `med_stime` = '2018-08-22' )  [ RunTime:0.000180s ]
SQL: INSERT INTO `med_pn` (`cnum`,`med_name`,`med_dose`,`med_times`,`med_stime`,`med_sptime`,`med_way`) VALUES ('15061072',2,'90mg/次','每小时1次','2018-08-22','2018-08-28','雾化') [ RunTime:0.000221s ]

[ 2018-08-17T01:26:53+08:00 ] 219.239.227.201 /ibdnew/index.php/Medicine/save_Medicine
INFO: [ app_begin ] --START--
INFO: ReadHtmlCache Behavior ::run [ RunTime:0.000264s ]
INFO: [ app_begin ] --END-- [ RunTime:0.000299s ]
NOTIC: [2048] Declaration of MedicineAction::redirect() should be compatible with Action::redirect($url, $params = Array, $delay = 0, $msg = '') /webdata/ibdnew/Home/Lib/Action/MedicineAction.class.php 第 4 行.
SQL: SHOW COLUMNS FROM `med_info` [ RunTime:0.000636s ]
NOTIC: [8192] preg_replace(): The /e modifier is deprecated, use preg_replace_callback instead /webdata/ibdnew/ThinkPHP/Lib/Core/Db.class.php 第 605 行.
SQL: SELECT `belong`,`belong_id` FROM `med_info` WHERE ( med_name = "中/长链脂肪乳注射液（C8-24Ve）" and pro_name= "" and specification= "20%/250ml"  )  [ RunTime:0.000269s ]
SQL: SHOW COLUMNS FROM `med_pn` [ RunTime:0.000424s ]
NOTIC: [8192] preg_replace(): The /e modifier is deprecated, use preg_replace_callback instead /webdata/ibdnew/ThinkPHP/Lib/Core/Db.class.php 第 605 行.
SQL: SELECT * FROM `med_pn` WHERE ( `cnum` = '15061072' ) AND ( `med_name` = 2 ) AND ( `med_stime` = '2018-08-22' )  [ RunTime:0.000207s ]

[ 2018-08-17T01:26:55+08:00 ] 219.239.227.201 /ibdnew/index.php/Medicine/get_medname
INFO: [ app_begin ] --START--
INFO: ReadHtmlCache Behavior ::run [ RunTime:0.000267s ]
INFO: [ app_begin ] --END-- [ RunTime:0.000302s ]
NOTIC: [2048] Declaration of MedicineAction::redirect() should be compatible with Action::redirect($url, $params = Array, $delay = 0, $msg = '') /webdata/ibdnew/Home/Lib/Action/MedicineAction.class.php 第 4 行.
SQL: SHOW COLUMNS FROM `med_info` [ RunTime:0.000657s ]
NOTIC: [8192] preg_replace(): The /e modifier is deprecated, use preg_replace_callback instead /webdata/ibdnew/ThinkPHP/Lib/Core/Db.class.php 第 605 行.
SQL: SELECT DISTINCT  `med_name` FROM `med_info`  [ RunTime:0.000391s ]
NOTIC: [8192] preg_replace(): The /e modifier is deprecated, use preg_replace_callback instead /webdata/ibdnew/ThinkPHP/Lib/Core/Db.class.php 第 605 行.
SQL: SELECT DISTINCT  `pro_name` FROM `med_info`  [ RunTime:0.000280s ]
NOTIC: [8192] preg_replace(): The /e modifier is deprecated, use preg_replace_callback instead /webdata/ibdnew/ThinkPHP/Lib/Core/Db.class.php 第 605 行.
SQL: SELECT DISTINCT  `med_type` FROM `med_info`  [ RunTime:0.000278s ]
NOTIC: [8192] preg_replace(): The /e modifier is deprecated, use preg_replace_callback instead /webdata/ibdnew/ThinkPHP/Lib/Core/Db.class.php 第 605 行.
SQL: SELECT DISTINCT  `specification` FROM `med_info`  [ RunTime:0.000281s ]
NOTIC: [8192] preg_replace(): The /e modifier is deprecated, use preg_replace_callback instead /webdata/ibdnew/ThinkPHP/Lib/Core/Db.class.php 第 605 行.
SQL: SELECT DISTINCT  `belong` FROM `med_info`  [ RunTime:0.000304s ]
SQL: SHOW COLUMNS FROM `ibdnew` [ RunTime:0.000372s ]
ERR: 1146:Table 'ibdnew.ibdnew' doesn't exist
 [ SQL语句 ] : SHOW COLUMNS FROM `ibdnew`
SQL: SELECT `med_name`,`pro_name`,`specification` FROM `med_info` [ RunTime:0.000240s ]

[ 2018-08-17T01:27:17+08:00 ] 219.239.227.201 /ibdnew/index.php/Medicine/save_Medicine
INFO: [ app_begin ] --START--
INFO: ReadHtmlCache Behavior ::run [ RunTime:0.000316s ]
INFO: [ app_begin ] --END-- [ RunTime:0.000358s ]
NOTIC: [2048] Declaration of MedicineAction::redirect() should be compatible with Action::redirect($url, $params = Array, $delay = 0, $msg = '') /webdata/ibdnew/Home/Lib/Action/MedicineAction.class.php 第 4 行.
SQL: SHOW COLUMNS FROM `med_info` [ RunTime:0.000759s ]
NOTIC: [8192] preg_replace(): The /e modifier is deprecated, use preg_replace_callback instead /webdata/ibdnew/ThinkPHP/Lib/Core/Db.class.php 第 605 行.
SQL: SELECT `belong`,`belong_id` FROM `med_info` WHERE ( med_name = "中/长链脂肪乳注射液（C6-24）" and pro_name= "力能" and specification= "20%/250ml"  )  [ RunTime:0.000281s ]
SQL: SHOW COLUMNS FROM `med_pn` [ RunTime:0.000518s ]
NOTIC: [8192] preg_replace(): The /e modifier is deprecated, use preg_replace_callback instead /webdata/ibdnew/ThinkPHP/Lib/Core/Db.class.php 第 605 行.
SQL: SELECT * FROM `med_pn` WHERE ( `cnum` = '15061072' ) AND ( `med_name` = 5 ) AND ( `med_stime` = '2018-08-22' )  [ RunTime:0.000187s ]
SQL: INSERT INTO `med_pn` (`cnum`,`med_name`,`med_dose`,`med_times`,`med_stime`,`med_sptime`,`med_way`) VALUES ('15061072',5,'90mg/次','每小时1次','2018-08-22','2018-08-28','雾化') [ RunTime:0.000170s ]

[ 2018-08-17T01:27:20+08:00 ] 219.239.227.201 /ibdnew/index.php/Medicine/save_Medicine
INFO: [ app_begin ] --START--
INFO: ReadHtmlCache Behavior ::run [ RunTime:0.000265s ]
INFO: [ app_begin ] --END-- [ RunTime:0.000300s ]
NOTIC: [2048] Declaration of MedicineAction::redirect() should be compatible with Action::redirect($url, $params = Array, $delay = 0, $msg = '') /webdata/ibdnew/Home/Lib/Action/MedicineAction.class.php 第 4 行.
SQL: SHOW COLUMNS FROM `med_info` [ RunTime:0.000668s ]
NOTIC: [8192] preg_replace(): The /e modifier is deprecated, use preg_replace_callback instead /webdata/ibdnew/ThinkPHP/Lib/Core/Db.class.php 第 605 行.
SQL: SELECT `belong`,`belong_id` FROM `med_info` WHERE ( med_name = "中/长链脂肪乳注射液（C6-24）" and pro_name= "力能" and specification= "20%/250ml"  )  [ RunTime:0.000296s ]
SQL: SHOW COLUMNS FROM `med_pn` [ RunTime:0.000433s ]
NOTIC: [8192] preg_replace(): The /e modifier is deprecated, use preg_replace_callback instead /webdata/ibdnew/ThinkPHP/Lib/Core/Db.class.php 第 605 行.
SQL: SELECT * FROM `med_pn` WHERE ( `cnum` = '15061072' ) AND ( `med_name` = 5 ) AND ( `med_stime` = '2018-08-22' )  [ RunTime:0.000206s ]

[ 2018-08-17T01:27:24+08:00 ] 219.239.227.201 /ibdnew/index.php/Medicine/get_medname
INFO: [ app_begin ] --START--
INFO: ReadHtmlCache Behavior ::run [ RunTime:0.000265s ]
INFO: [ app_begin ] --END-- [ RunTime:0.000301s ]
NOTIC: [2048] Declaration of MedicineAction::redirect() should be compatible with Action::redirect($url, $params = Array, $delay = 0, $msg = '') /webdata/ibdnew/Home/Lib/Action/MedicineAction.class.php 第 4 行.
SQL: SHOW COLUMNS FROM `med_info` [ RunTime:0.000689s ]
NOTIC: [8192] preg_replace(): The /e modifier is deprecated, use preg_replace_callback instead /webdata/ibdnew/ThinkPHP/Lib/Core/Db.class.php 第 605 行.
SQL: SELECT DISTINCT  `med_name` FROM `med_info`  [ RunTime:0.000455s ]
NOTIC: [8192] preg_replace(): The /e modifier is deprecated, use preg_replace_callback instead /webdata/ibdnew/ThinkPHP/Lib/Core/Db.class.php 第 605 行.
SQL: SELECT DISTINCT  `pro_name` FROM `med_info`  [ RunTime:0.000268s ]
NOTIC: [8192] preg_replace(): The /e modifier is deprecated, use preg_replace_callback instead /webdata/ibdnew/ThinkPHP/Lib/Core/Db.class.php 第 605 行.
SQL: SELECT DISTINCT  `med_type` FROM `med_info`  [ RunTime:0.000245s ]
NOTIC: [8192] preg_replace(): The /e modifier is deprecated, use preg_replace_callback instead /webdata/ibdnew/ThinkPHP/Lib/Core/Db.class.php 第 605 行.
SQL: SELECT DISTINCT  `specification` FROM `med_info`  [ RunTime:0.000303s ]
NOTIC: [8192] preg_replace(): The /e modifier is deprecated, use preg_replace_callback instead /webdata/ibdnew/ThinkPHP/Lib/Core/Db.class.php 第 605 行.
SQL: SELECT DISTINCT  `belong` FROM `med_info`  [ RunTime:0.000301s ]
SQL: SHOW COLUMNS FROM `ibdnew` [ RunTime:0.000380s ]
ERR: 1146:Table 'ibdnew.ibdnew' doesn't exist
 [ SQL语句 ] : SHOW COLUMNS FROM `ibdnew`
SQL: SELECT `med_name`,`pro_name`,`specification` FROM `med_info` [ RunTime:0.000241s ]

[ 2018-08-17T01:27:28+08:00 ] 219.239.227.201 /ibdnew/index.php/Medicine/save_Medicine
INFO: [ app_begin ] --START--
INFO: ReadHtmlCache Behavior ::run [ RunTime:0.000258s ]
INFO: [ app_begin ] --END-- [ RunTime:0.000293s ]
NOTIC: [2048] Declaration of MedicineAction::redirect() should be compatible with Action::redirect($url, $params = Array, $delay = 0, $msg = '') /webdata/ibdnew/Home/Lib/Action/MedicineAction.class.php 第 4 行.
SQL: SHOW COLUMNS FROM `med_info` [ RunTime:0.000648s ]
NOTIC: [8192] preg_replace(): The /e modifier is deprecated, use preg_replace_callback instead /webdata/ibdnew/ThinkPHP/Lib/Core/Db.class.php 第 605 行.
SQL: SELECT `belong`,`belong_id` FROM `med_info` WHERE ( med_name = "中/长链脂肪乳注射液（C6-24）" and pro_name= "力能" and specification= "20%/250ml"  )  [ RunTime:0.000265s ]
SQL: SHOW COLUMNS FROM `med_pn` [ RunTime:0.000417s ]
NOTIC: [8192] preg_replace(): The /e modifier is deprecated, use preg_replace_callback instead /webdata/ibdnew/ThinkPHP/Lib/Core/Db.class.php 第 605 行.
SQL: SELECT * FROM `med_pn` WHERE ( `cnum` = '15061072' ) AND ( `med_name` = 5 ) AND ( `med_stime` = '2018-08-22' )  [ RunTime:0.000199s ]

[ 2018-08-17T01:27:33+08:00 ] 219.239.227.201 /ibdnew/index.php/Medicine/get_medname
INFO: [ app_begin ] --START--
INFO: ReadHtmlCache Behavior ::run [ RunTime:0.000327s ]
INFO: [ app_begin ] --END-- [ RunTime:0.000368s ]
NOTIC: [2048] Declaration of MedicineAction::redirect() should be compatible with Action::redirect($url, $params = Array, $delay = 0, $msg = '') /webdata/ibdnew/Home/Lib/Action/MedicineAction.class.php 第 4 行.
SQL: SHOW COLUMNS FROM `med_info` [ RunTime:0.000682s ]
NOTIC: [8192] preg_replace(): The /e modifier is deprecated, use preg_replace_callback instead /webdata/ibdnew/ThinkPHP/Lib/Core/Db.class.php 第 605 行.
SQL: SELECT DISTINCT  `med_name` FROM `med_info`  [ RunTime:0.000364s ]
NOTIC: [8192] preg_replace(): The /e modifier is deprecated, use preg_replace_callback instead /webdata/ibdnew/ThinkPHP/Lib/Core/Db.class.php 第 605 行.
SQL: SELECT DISTINCT  `pro_name` FROM `med_info`  [ RunTime:0.000325s ]
NOTIC: [8192] preg_replace(): The /e modifier is deprecated, use preg_replace_callback instead /webdata/ibdnew/ThinkPHP/Lib/Core/Db.class.php 第 605 行.
SQL: SELECT DISTINCT  `med_type` FROM `med_info`  [ RunTime:0.000230s ]
NOTIC: [8192] preg_replace(): The /e modifier is deprecated, use preg_replace_callback instead /webdata/ibdnew/ThinkPHP/Lib/Core/Db.class.php 第 605 行.
SQL: SELECT DISTINCT  `specification` FROM `med_info`  [ RunTime:0.000282s ]
NOTIC: [8192] preg_replace(): The /e modifier is deprecated, use preg_replace_callback instead /webdata/ibdnew/ThinkPHP/Lib/Core/Db.class.php 第 605 行.
SQL: SELECT DISTINCT  `belong` FROM `med_info`  [ RunTime:0.000322s ]
SQL: SHOW COLUMNS FROM `ibdnew` [ RunTime:0.000373s ]
ERR: 1146:Table 'ibdnew.ibdnew' doesn't exist
 [ SQL语句 ] : SHOW COLUMNS FROM `ibdnew`
SQL: SELECT `med_name`,`pro_name`,`specification` FROM `med_info` [ RunTime:0.000289s ]

[ 2018-08-17T01:27:49+08:00 ] 219.239.227.201 /ibdnew/index.php/Medicine/save_Medicine
INFO: [ app_begin ] --START--
INFO: ReadHtmlCache Behavior ::run [ RunTime:0.000262s ]
INFO: [ app_begin ] --END-- [ RunTime:0.000298s ]
NOTIC: [2048] Declaration of MedicineAction::redirect() should be compatible with Action::redirect($url, $params = Array, $delay = 0, $msg = '') /webdata/ibdnew/Home/Lib/Action/MedicineAction.class.php 第 4 行.
SQL: SHOW COLUMNS FROM `med_info` [ RunTime:0.000655s ]
NOTIC: [8192] preg_replace(): The /e modifier is deprecated, use preg_replace_callback instead /webdata/ibdnew/ThinkPHP/Lib/Core/Db.class.php 第 605 行.
SQL: SELECT `belong`,`belong_id` FROM `med_info` WHERE ( med_name = "中/长链脂肪乳注射液（C6-24）" and pro_name= "力能" and specification= "20%/250ml"  )  [ RunTime:0.000274s ]
SQL: SHOW COLUMNS FROM `med_pn` [ RunTime:0.000427s ]
NOTIC: [8192] preg_replace(): The /e modifier is deprecated, use preg_replace_callback instead /webdata/ibdnew/ThinkPHP/Lib/Core/Db.class.php 第 605 行.
SQL: SELECT * FROM `med_pn` WHERE ( `cnum` = '150610721' ) AND ( `med_name` = 5 ) AND ( `med_stime` = '2018-08-22' )  [ RunTime:0.000260s ]
SQL: INSERT INTO `med_pn` (`cnum`,`med_name`,`med_dose`,`med_times`,`med_stime`,`med_sptime`,`med_way`) VALUES ('150610721',5,'90mg/次','每小时1次','2018-08-22','2018-08-28','雾化') [ RunTime:0.000151s ]

[ 2018-08-17T01:27:54+08:00 ] 219.239.227.201 /ibdnew/index.php/Medicine/get_medname
INFO: [ app_begin ] --START--
INFO: ReadHtmlCache Behavior ::run [ RunTime:0.000379s ]
INFO: [ app_begin ] --END-- [ RunTime:0.000425s ]
NOTIC: [2048] Declaration of MedicineAction::redirect() should be compatible with Action::redirect($url, $params = Array, $delay = 0, $msg = '') /webdata/ibdnew/Home/Lib/Action/MedicineAction.class.php 第 4 行.
SQL: SHOW COLUMNS FROM `med_info` [ RunTime:0.000708s ]
NOTIC: [8192] preg_replace(): The /e modifier is deprecated, use preg_replace_callback instead /webdata/ibdnew/ThinkPHP/Lib/Core/Db.class.php 第 605 行.
SQL: SELECT DISTINCT  `med_name` FROM `med_info`  [ RunTime:0.000412s ]
NOTIC: [8192] preg_replace(): The /e modifier is deprecated, use preg_replace_callback instead /webdata/ibdnew/ThinkPHP/Lib/Core/Db.class.php 第 605 行.
SQL: SELECT DISTINCT  `pro_name` FROM `med_info`  [ RunTime:0.000411s ]
NOTIC: [8192] preg_replace(): The /e modifier is deprecated, use preg_replace_callback instead /webdata/ibdnew/ThinkPHP/Lib/Core/Db.class.php 第 605 行.
SQL: SELECT DISTINCT  `med_type` FROM `med_info`  [ RunTime:0.000268s ]
NOTIC: [8192] preg_replace(): The /e modifier is deprecated, use preg_replace_callback instead /webdata/ibdnew/ThinkPHP/Lib/Core/Db.class.php 第 605 行.
SQL: SELECT DISTINCT  `specification` FROM `med_info`  [ RunTime:0.000386s ]
NOTIC: [8192] preg_replace(): The /e modifier is deprecated, use preg_replace_callback instead /webdata/ibdnew/ThinkPHP/Lib/Core/Db.class.php 第 605 行.
SQL: SELECT DISTINCT  `belong` FROM `med_info`  [ RunTime:0.000354s ]
SQL: SHOW COLUMNS FROM `ibdnew` [ RunTime:0.000387s ]
ERR: 1146:Table 'ibdnew.ibdnew' doesn't exist
 [ SQL语句 ] : SHOW COLUMNS FROM `ibdnew`
SQL: SELECT `med_name`,`pro_name`,`specification` FROM `med_info` [ RunTime:0.000247s ]

[ 2018-08-17T01:28:51+08:00 ] 219.239.227.201 /ibdnew/index.php/Medicine/get_medname
INFO: [ app_begin ] --START--
INFO: ReadHtmlCache Behavior ::run [ RunTime:0.000370s ]
INFO: [ app_begin ] --END-- [ RunTime:0.000417s ]
NOTIC: [2048] Declaration of MedicineAction::redirect() should be compatible with Action::redirect($url, $params = Array, $delay = 0, $msg = '') /webdata/ibdnew/Home/Lib/Action/MedicineAction.class.php 第 4 行.
SQL: SHOW COLUMNS FROM `med_info` [ RunTime:0.000710s ]
NOTIC: [8192] preg_replace(): The /e modifier is deprecated, use preg_replace_callback instead /webdata/ibdnew/ThinkPHP/Lib/Core/Db.class.php 第 605 行.
SQL: SELECT DISTINCT  `med_name` FROM `med_info`  [ RunTime:0.000420s ]
NOTIC: [8192] preg_replace(): The /e modifier is deprecated, use preg_replace_callback instead /webdata/ibdnew/ThinkPHP/Lib/Core/Db.class.php 第 605 行.
SQL: SELECT DISTINCT  `pro_name` FROM `med_info`  [ RunTime:0.000404s ]
NOTIC: [8192] preg_replace(): The /e modifier is deprecated, use preg_replace_callback instead /webdata/ibdnew/ThinkPHP/Lib/Core/Db.class.php 第 605 行.
SQL: SELECT DISTINCT  `med_type` FROM `med_info`  [ RunTime:0.000252s ]
NOTIC: [8192] preg_replace(): The /e modifier is deprecated, use preg_replace_callback instead /webdata/ibdnew/ThinkPHP/Lib/Core/Db.class.php 第 605 行.
SQL: SELECT DISTINCT  `specification` FROM `med_info`  [ RunTime:0.000335s ]
NOTIC: [8192] preg_replace(): The /e modifier is deprecated, use preg_replace_callback instead /webdata/ibdnew/ThinkPHP/Lib/Core/Db.class.php 第 605 行.
SQL: SELECT DISTINCT  `belong` FROM `med_info`  [ RunTime:0.000389s ]
SQL: SHOW COLUMNS FROM `ibdnew` [ RunTime:0.000471s ]
ERR: 1146:Table 'ibdnew.ibdnew' doesn't exist
 [ SQL语句 ] : SHOW COLUMNS FROM `ibdnew`
SQL: SELECT `med_name`,`pro_name`,`specification` FROM `med_info` [ RunTime:0.000328s ]

[ 2018-08-17T01:29:37+08:00 ] 219.239.227.201 /ibdnew/index.php/Medicine/save_Medicine
INFO: [ app_begin ] --START--
INFO: ReadHtmlCache Behavior ::run [ RunTime:0.000252s ]
INFO: [ app_begin ] --END-- [ RunTime:0.000287s ]
NOTIC: [2048] Declaration of MedicineAction::redirect() should be compatible with Action::redirect($url, $params = Array, $delay = 0, $msg = '') /webdata/ibdnew/Home/Lib/Action/MedicineAction.class.php 第 4 行.
SQL: SHOW COLUMNS FROM `med_info` [ RunTime:0.000756s ]
NOTIC: [8192] preg_replace(): The /e modifier is deprecated, use preg_replace_callback instead /webdata/ibdnew/ThinkPHP/Lib/Core/Db.class.php 第 605 行.
SQL: SELECT `belong`,`belong_id` FROM `med_info` WHERE ( med_name = "利福昔明片" and pro_name= "" and specification= "0.2g/片"  )  [ RunTime:0.000250s ]
SQL: SHOW COLUMNS FROM `med_antibiotic` [ RunTime:0.000518s ]
NOTIC: [8192] preg_replace(): The /e modifier is deprecated, use preg_replace_callback instead /webdata/ibdnew/ThinkPHP/Lib/Core/Db.class.php 第 605 行.
SQL: SELECT * FROM `med_antibiotic` WHERE ( `cnum` = '150610721' ) AND ( `med_name` = 12 ) AND ( `med_stime` = '2018-08-22' )  [ RunTime:0.000286s ]
SQL: INSERT INTO `med_antibiotic` (`cnum`,`med_name`,`med_dose`,`med_times`,`med_stime`,`med_sptime`,`med_way`) VALUES ('150610721',12,'190mg/次','每小时2次','2018-08-22','2018-08-28','皮内') [ RunTime:0.000257s ]

[ 2018-08-17T01:29:41+08:00 ] 219.239.227.201 /ibdnew/index.php/Medicine/get_medname
INFO: [ app_begin ] --START--
INFO: ReadHtmlCache Behavior ::run [ RunTime:0.000301s ]
INFO: [ app_begin ] --END-- [ RunTime:0.000336s ]
NOTIC: [2048] Declaration of MedicineAction::redirect() should be compatible with Action::redirect($url, $params = Array, $delay = 0, $msg = '') /webdata/ibdnew/Home/Lib/Action/MedicineAction.class.php 第 4 行.
SQL: SHOW COLUMNS FROM `med_info` [ RunTime:0.000713s ]
NOTIC: [8192] preg_replace(): The /e modifier is deprecated, use preg_replace_callback instead /webdata/ibdnew/ThinkPHP/Lib/Core/Db.class.php 第 605 行.
SQL: SELECT DISTINCT  `med_name` FROM `med_info`  [ RunTime:0.000516s ]
NOTIC: [8192] preg_replace(): The /e modifier is deprecated, use preg_replace_callback instead /webdata/ibdnew/ThinkPHP/Lib/Core/Db.class.php 第 605 行.
SQL: SELECT DISTINCT  `pro_name` FROM `med_info`  [ RunTime:0.000389s ]
NOTIC: [8192] preg_replace(): The /e modifier is deprecated, use preg_replace_callback instead /webdata/ibdnew/ThinkPHP/Lib/Core/Db.class.php 第 605 行.
SQL: SELECT DISTINCT  `med_type` FROM `med_info`  [ RunTime:0.000256s ]
NOTIC: [8192] preg_replace(): The /e modifier is deprecated, use preg_replace_callback instead /webdata/ibdnew/ThinkPHP/Lib/Core/Db.class.php 第 605 行.
SQL: SELECT DISTINCT  `specification` FROM `med_info`  [ RunTime:0.000306s ]
NOTIC: [8192] preg_replace(): The /e modifier is deprecated, use preg_replace_callback instead /webdata/ibdnew/ThinkPHP/Lib/Core/Db.class.php 第 605 行.
SQL: SELECT DISTINCT  `belong` FROM `med_info`  [ RunTime:0.000352s ]
SQL: SHOW COLUMNS FROM `ibdnew` [ RunTime:0.000391s ]
ERR: 1146:Table 'ibdnew.ibdnew' doesn't exist
 [ SQL语句 ] : SHOW COLUMNS FROM `ibdnew`
SQL: SELECT `med_name`,`pro_name`,`specification` FROM `med_info` [ RunTime:0.000251s ]

[ 2018-08-17T10:53:24+08:00 ] 123.116.154.56 /ibdnew/index.php/login/login
INFO: [ app_begin ] --START--
INFO: ReadHtmlCache Behavior ::run [ RunTime:0.000270s ]
INFO: [ app_begin ] --END-- [ RunTime:0.000319s ]
SQL: SHOW COLUMNS FROM `user` [ RunTime:0.000701s ]
NOTIC: [8192] preg_replace(): The /e modifier is deprecated, use preg_replace_callback instead /webdata/ibdnew/ThinkPHP/Lib/Core/Db.class.php 第 605 行.
SQL: SELECT `passwd` FROM `user` WHERE ( name="lnn970215" ) LIMIT 1   [ RunTime:0.000236s ]
NOTIC: [8192] preg_replace(): The /e modifier is deprecated, use preg_replace_callback instead /webdata/ibdnew/ThinkPHP/Lib/Core/Db.class.php 第 605 行.
SQL: SELECT `uid` FROM `user` WHERE ( name="lnn970215" ) LIMIT 1   [ RunTime:0.000181s ]
NOTIC: [8192] preg_replace(): The /e modifier is deprecated, use preg_replace_callback instead /webdata/ibdnew/ThinkPHP/Lib/Core/Db.class.php 第 605 行.
SQL: SELECT `email` FROM `user` WHERE ( name="lnn970215" ) LIMIT 1   [ RunTime:0.000172s ]

[ 2018-08-17T10:53:37+08:00 ] 123.116.154.56 /ibdnew/index.php/Medicine/get_medname
INFO: [ app_begin ] --START--
INFO: ReadHtmlCache Behavior ::run [ RunTime:0.000396s ]
INFO: [ app_begin ] --END-- [ RunTime:0.000445s ]
NOTIC: [2048] Declaration of MedicineAction::redirect() should be compatible with Action::redirect($url, $params = Array, $delay = 0, $msg = '') /webdata/ibdnew/Home/Lib/Action/MedicineAction.class.php 第 4 行.
SQL: SHOW COLUMNS FROM `med_info` [ RunTime:0.000853s ]
NOTIC: [8192] preg_replace(): The /e modifier is deprecated, use preg_replace_callback instead /webdata/ibdnew/ThinkPHP/Lib/Core/Db.class.php 第 605 行.
SQL: SELECT DISTINCT  `med_name` FROM `med_info`  [ RunTime:0.000441s ]
NOTIC: [8192] preg_replace(): The /e modifier is deprecated, use preg_replace_callback instead /webdata/ibdnew/ThinkPHP/Lib/Core/Db.class.php 第 605 行.
SQL: SELECT DISTINCT  `pro_name` FROM `med_info`  [ RunTime:0.000285s ]
NOTIC: [8192] preg_replace(): The /e modifier is deprecated, use preg_replace_callback instead /webdata/ibdnew/ThinkPHP/Lib/Core/Db.class.php 第 605 行.
SQL: SELECT DISTINCT  `med_type` FROM `med_info`  [ RunTime:0.000246s ]
NOTIC: [8192] preg_replace(): The /e modifier is deprecated, use preg_replace_callback instead /webdata/ibdnew/ThinkPHP/Lib/Core/Db.class.php 第 605 行.
SQL: SELECT DISTINCT  `specification` FROM `med_info`  [ RunTime:0.000303s ]
NOTIC: [8192] preg_replace(): The /e modifier is deprecated, use preg_replace_callback instead /webdata/ibdnew/ThinkPHP/Lib/Core/Db.class.php 第 605 行.
SQL: SELECT DISTINCT  `belong` FROM `med_info`  [ RunTime:0.000317s ]
SQL: SHOW COLUMNS FROM `ibdnew` [ RunTime:0.000385s ]
ERR: 1146:Table 'ibdnew.ibdnew' doesn't exist
 [ SQL语句 ] : SHOW COLUMNS FROM `ibdnew`
SQL: SELECT `med_name`,`pro_name`,`specification` FROM `med_info` [ RunTime:0.000298s ]

[ 2018-08-17T11:32:33+08:00 ] 123.116.154.56 /ibdnew/index.php/Medicine/get_medname
INFO: [ app_begin ] --START--
INFO: ReadHtmlCache Behavior ::run [ RunTime:0.000341s ]
INFO: [ app_begin ] --END-- [ RunTime:0.000391s ]
NOTIC: [2048] Declaration of MedicineAction::redirect() should be compatible with Action::redirect($url, $params = Array, $delay = 0, $msg = '') /webdata/ibdnew/Home/Lib/Action/MedicineAction.class.php 第 4 行.
SQL: SHOW COLUMNS FROM `med_info` [ RunTime:0.000661s ]
NOTIC: [8192] preg_replace(): The /e modifier is deprecated, use preg_replace_callback instead /webdata/ibdnew/ThinkPHP/Lib/Core/Db.class.php 第 605 行.
SQL: SELECT DISTINCT  `med_name` FROM `med_info`  [ RunTime:0.000358s ]
NOTIC: [8192] preg_replace(): The /e modifier is deprecated, use preg_replace_callback instead /webdata/ibdnew/ThinkPHP/Lib/Core/Db.class.php 第 605 行.
SQL: SELECT DISTINCT  `pro_name` FROM `med_info`  [ RunTime:0.000308s ]
NOTIC: [8192] preg_replace(): The /e modifier is deprecated, use preg_replace_callback instead /webdata/ibdnew/ThinkPHP/Lib/Core/Db.class.php 第 605 行.
SQL: SELECT DISTINCT  `med_type` FROM `med_info`  [ RunTime:0.000226s ]
NOTIC: [8192] preg_replace(): The /e modifier is deprecated, use preg_replace_callback instead /webdata/ibdnew/ThinkPHP/Lib/Core/Db.class.php 第 605 行.
SQL: SELECT DISTINCT  `specification` FROM `med_info`  [ RunTime:0.000304s ]
NOTIC: [8192] preg_replace(): The /e modifier is deprecated, use preg_replace_callback instead /webdata/ibdnew/ThinkPHP/Lib/Core/Db.class.php 第 605 行.
SQL: SELECT DISTINCT  `belong` FROM `med_info`  [ RunTime:0.000334s ]
SQL: SHOW COLUMNS FROM `ibdnew` [ RunTime:0.000379s ]
ERR: 1146:Table 'ibdnew.ibdnew' doesn't exist
 [ SQL语句 ] : SHOW COLUMNS FROM `ibdnew`
SQL: SELECT `med_name`,`pro_name`,`specification` FROM `med_info` [ RunTime:0.000239s ]

[ 2018-08-17T20:59:23+08:00 ] 219.239.227.199 /ibdnew/index.php/login/login
INFO: [ app_begin ] --START--
INFO: ReadHtmlCache Behavior ::run [ RunTime:0.000266s ]
INFO: [ app_begin ] --END-- [ RunTime:0.000302s ]
SQL: SHOW COLUMNS FROM `user` [ RunTime:0.000708s ]
NOTIC: [8192] preg_replace(): The /e modifier is deprecated, use preg_replace_callback instead /webdata/ibdnew/ThinkPHP/Lib/Core/Db.class.php 第 605 行.
SQL: SELECT `passwd` FROM `user` WHERE ( name="lnn970215" ) LIMIT 1   [ RunTime:0.000223s ]
NOTIC: [8192] preg_replace(): The /e modifier is deprecated, use preg_replace_callback instead /webdata/ibdnew/ThinkPHP/Lib/Core/Db.class.php 第 605 行.
SQL: SELECT `uid` FROM `user` WHERE ( name="lnn970215" ) LIMIT 1   [ RunTime:0.000169s ]
NOTIC: [8192] preg_replace(): The /e modifier is deprecated, use preg_replace_callback instead /webdata/ibdnew/ThinkPHP/Lib/Core/Db.class.php 第 605 行.
SQL: SELECT `email` FROM `user` WHERE ( name="lnn970215" ) LIMIT 1   [ RunTime:0.000155s ]

[ 2018-08-17T21:07:31+08:00 ] 219.239.227.199 /ibdnew/index.php/test/getInfo
INFO: [ app_begin ] --START--
INFO: ReadHtmlCache Behavior ::run [ RunTime:0.000383s ]
INFO: [ app_begin ] --END-- [ RunTime:0.000434s ]
SQL: SHOW COLUMNS FROM `lab-blood_regular_test` [ RunTime:0.000742s ]
NOTIC: [8192] preg_replace(): The /e modifier is deprecated, use preg_replace_callback instead /webdata/ibdnew/ThinkPHP/Lib/Core/Db.class.php 第 605 行.
SQL: SELECT * FROM `lab-blood_regular_test` WHERE ( cnum="1506xxxx" and time = "2018-07-11 00:00:00" ) LIMIT 1   [ RunTime:0.000284s ]

[ 2018-08-17T21:07:35+08:00 ] 219.239.227.199 /ibdnew/index.php/test/getInfo
INFO: [ app_begin ] --START--
INFO: ReadHtmlCache Behavior ::run [ RunTime:0.000267s ]
INFO: [ app_begin ] --END-- [ RunTime:0.000301s ]
SQL: SHOW COLUMNS FROM `lab-ret` [ RunTime:0.000671s ]
NOTIC: [8192] preg_replace(): The /e modifier is deprecated, use preg_replace_callback instead /webdata/ibdnew/ThinkPHP/Lib/Core/Db.class.php 第 605 行.
SQL: SELECT * FROM `lab-ret` WHERE ( cnum="1506xxxx" and time = "2018-06-03 00:00:00" ) LIMIT 1   [ RunTime:0.000268s ]

[ 2018-08-17T21:07:38+08:00 ] 219.239.227.199 /ibdnew/index.php/test/getInfo
INFO: [ app_begin ] --START--
INFO: ReadHtmlCache Behavior ::run [ RunTime:0.000465s ]
INFO: [ app_begin ] --END-- [ RunTime:0.000522s ]
SQL: SHOW COLUMNS FROM `lab-blood_regular_test` [ RunTime:0.000739s ]
NOTIC: [8192] preg_replace(): The /e modifier is deprecated, use preg_replace_callback instead /webdata/ibdnew/ThinkPHP/Lib/Core/Db.class.php 第 605 行.
SQL: SELECT * FROM `lab-blood_regular_test` WHERE ( cnum="1506xxxx" and time = "2018-06-21 00:00:00" ) LIMIT 1   [ RunTime:0.000319s ]

[ 2018-08-17T21:08:17+08:00 ] 219.239.227.199 /ibdnew/index.php/test/save_lab_blood_regular_test/mode/0
INFO: [ app_begin ] --START--
INFO: ReadHtmlCache Behavior ::run [ RunTime:0.000364s ]
INFO: [ app_begin ] --END-- [ RunTime:0.000401s ]
SQL: SHOW COLUMNS FROM `lab-blood_regular_test` [ RunTime:0.000732s ]
NOTIC: [8192] preg_replace(): The /e modifier is deprecated, use preg_replace_callback instead /webdata/ibdnew/ThinkPHP/Lib/Core/Db.class.php 第 605 行.
SQL: SELECT * FROM `lab-blood_regular_test` WHERE ( cnum = "15061072" AND time = "2018-08-17 00:00:00" ) LIMIT 1   [ RunTime:0.000278s ]
SQL: INSERT INTO `lab-blood_regular_test` (`cnum`,`time`,`RBC`,`HGB`,`HCT`,`MCV`,`MCH`,`MCHC`,`WBC`,`NE`,`LY`,`MO`,`EO`,`PLT`) VALUES ('15061072','2018-08-17 00:00:00','','','','','','','','','','','','') [ RunTime:0.003553s ]
NOTIC: [8] Use of undefined constant data - assumed 'data' /webdata/ibdnew/Home/Lib/Action/TestAction.class.php 第 468 行.

[ 2018-08-17T21:08:19+08:00 ] 219.239.227.199 /ibdnew/index.php/test/save_lab_blood_regular_test/mode/0
INFO: [ app_begin ] --START--
INFO: ReadHtmlCache Behavior ::run [ RunTime:0.000266s ]
INFO: [ app_begin ] --END-- [ RunTime:0.000302s ]
SQL: SHOW COLUMNS FROM `lab-blood_regular_test` [ RunTime:0.000785s ]
NOTIC: [8192] preg_replace(): The /e modifier is deprecated, use preg_replace_callback instead /webdata/ibdnew/ThinkPHP/Lib/Core/Db.class.php 第 605 行.
SQL: SELECT * FROM `lab-blood_regular_test` WHERE ( cnum = "15061072" AND time = "2018-08-17 00:00:00" ) LIMIT 1   [ RunTime:0.000282s ]

[ 2018-08-17T21:08:26+08:00 ] 219.239.227.199 /ibdnew/index.php/test/save_lab_blood_regular_test/mode/0
INFO: [ app_begin ] --START--
INFO: ReadHtmlCache Behavior ::run [ RunTime:0.000268s ]
INFO: [ app_begin ] --END-- [ RunTime:0.000306s ]
SQL: SHOW COLUMNS FROM `lab-blood_regular_test` [ RunTime:0.000726s ]
NOTIC: [8192] preg_replace(): The /e modifier is deprecated, use preg_replace_callback instead /webdata/ibdnew/ThinkPHP/Lib/Core/Db.class.php 第 605 行.
SQL: SELECT * FROM `lab-blood_regular_test` WHERE ( cnum = "15061072" AND time = "2018-08-17 00:00:00" ) LIMIT 1   [ RunTime:0.000260s ]

[ 2018-08-17T21:08:28+08:00 ] 219.239.227.199 /ibdnew/index.php/test/save_lab_blood_regular_test/mode/1
INFO: [ app_begin ] --START--
INFO: ReadHtmlCache Behavior ::run [ RunTime:0.000358s ]
INFO: [ app_begin ] --END-- [ RunTime:0.000396s ]
SQL: SHOW COLUMNS FROM `lab-blood_regular_test` [ RunTime:0.000718s ]
SQL: REPLACE INTO `lab-blood_regular_test` (`cnum`,`time`,`RBC`,`HGB`,`HCT`,`MCV`,`MCH`,`MCHC`,`WBC`,`NE`,`LY`,`MO`,`EO`,`PLT`) VALUES ('15061072','2018-08-17 00:00:00','','','','','2','','','2','','','','') [ RunTime:0.018178s ]
NOTIC: [8] Use of undefined constant data - assumed 'data' /webdata/ibdnew/Home/Lib/Action/TestAction.class.php 第 482 行.

[ 2018-08-17T21:10:10+08:00 ] 219.239.227.199 /ibdnew/index.php/test/save_lab_blood_regular_test/mode/0
INFO: [ app_begin ] --START--
INFO: ReadHtmlCache Behavior ::run [ RunTime:0.000678s ]
INFO: [ app_begin ] --END-- [ RunTime:0.000742s ]
SQL: SHOW COLUMNS FROM `lab-blood_regular_test` [ RunTime:0.000918s ]
NOTIC: [8192] preg_replace(): The /e modifier is deprecated, use preg_replace_callback instead /webdata/ibdnew/ThinkPHP/Lib/Core/Db.class.php 第 605 行.
SQL: SELECT * FROM `lab-blood_regular_test` WHERE ( cnum = "15061072" AND time = "2018-08-17 00:00:00" ) LIMIT 1   [ RunTime:0.000266s ]

[ 2018-08-17T21:10:16+08:00 ] 219.239.227.199 /ibdnew/index.php/test/save_lab_blood_regular_test/mode/0
INFO: [ app_begin ] --START--
INFO: ReadHtmlCache Behavior ::run [ RunTime:0.000344s ]
INFO: [ app_begin ] --END-- [ RunTime:0.000389s ]
SQL: SHOW COLUMNS FROM `lab-blood_regular_test` [ RunTime:0.000711s ]
NOTIC: [8192] preg_replace(): The /e modifier is deprecated, use preg_replace_callback instead /webdata/ibdnew/ThinkPHP/Lib/Core/Db.class.php 第 605 行.
SQL: SELECT * FROM `lab-blood_regular_test` WHERE ( cnum = "15061072" AND time = "2018-08-17 00:00:00" ) LIMIT 1   [ RunTime:0.000284s ]

[ 2018-08-17T21:10:39+08:00 ] 219.239.227.199 /ibdnew/index.php/test/save_lab_blood_regular_test/mode/0
INFO: [ app_begin ] --START--
INFO: ReadHtmlCache Behavior ::run [ RunTime:0.000262s ]
INFO: [ app_begin ] --END-- [ RunTime:0.000297s ]
SQL: SHOW COLUMNS FROM `lab-blood_regular_test` [ RunTime:0.000994s ]
NOTIC: [8192] preg_replace(): The /e modifier is deprecated, use preg_replace_callback instead /webdata/ibdnew/ThinkPHP/Lib/Core/Db.class.php 第 605 行.
SQL: SELECT * FROM `lab-blood_regular_test` WHERE ( cnum = "15061072" AND time = "2018-08-17 00:00:00" ) LIMIT 1   [ RunTime:0.000364s ]

[ 2018-08-17T21:11:04+08:00 ] 219.239.227.199 /ibdnew/index.php/test/save_lab_blood_regular_test/mode/1
INFO: [ app_begin ] --START--
INFO: ReadHtmlCache Behavior ::run [ RunTime:0.000286s ]
INFO: [ app_begin ] --END-- [ RunTime:0.000322s ]
SQL: SHOW COLUMNS FROM `lab-blood_regular_test` [ RunTime:0.000918s ]
SQL: REPLACE INTO `lab-blood_regular_test` (`cnum`,`time`,`RBC`,`HGB`,`HCT`,`MCV`,`MCH`,`MCHC`,`WBC`,`NE`,`LY`,`MO`,`EO`,`PLT`) VALUES ('15061072','2018-08-17 00:00:00','','','','2','2','','','2','','','','') [ RunTime:0.004306s ]
NOTIC: [8] Use of undefined constant data - assumed 'data' /webdata/ibdnew/Home/Lib/Action/TestAction.class.php 第 482 行.

[ 2018-08-17T21:11:17+08:00 ] 219.239.227.199 /ibdnew/index.php/test/getInfo
INFO: [ app_begin ] --START--
INFO: ReadHtmlCache Behavior ::run [ RunTime:0.000293s ]
INFO: [ app_begin ] --END-- [ RunTime:0.000329s ]
SQL: SHOW COLUMNS FROM `lab-blood_regular_test` [ RunTime:0.000680s ]
NOTIC: [8192] preg_replace(): The /e modifier is deprecated, use preg_replace_callback instead /webdata/ibdnew/ThinkPHP/Lib/Core/Db.class.php 第 605 行.
SQL: SELECT * FROM `lab-blood_regular_test` WHERE ( cnum="1506xxxx" and time = "2018-06-21 00:00:00" ) LIMIT 1   [ RunTime:0.000263s ]

[ 2018-08-17T21:12:43+08:00 ] 219.239.227.199 /ibdnew/index.php/test/getInfo
INFO: [ app_begin ] --START--
INFO: ReadHtmlCache Behavior ::run [ RunTime:0.000273s ]
INFO: [ app_begin ] --END-- [ RunTime:0.000308s ]
SQL: SHOW COLUMNS FROM `lab-pancreas` [ RunTime:0.000684s ]
NOTIC: [8192] preg_replace(): The /e modifier is deprecated, use preg_replace_callback instead /webdata/ibdnew/ThinkPHP/Lib/Core/Db.class.php 第 605 行.
SQL: SELECT * FROM `lab-pancreas` WHERE ( cnum="15061204" and time = "2018-06-04 00:00:00" ) LIMIT 1   [ RunTime:0.000285s ]

[ 2018-08-17T21:12:46+08:00 ] 219.239.227.199 /ibdnew/index.php/test/getInfo
INFO: [ app_begin ] --START--
INFO: ReadHtmlCache Behavior ::run [ RunTime:0.000299s ]
INFO: [ app_begin ] --END-- [ RunTime:0.000342s ]
SQL: SHOW COLUMNS FROM `lab-liver_function` [ RunTime:0.000840s ]
NOTIC: [8192] preg_replace(): The /e modifier is deprecated, use preg_replace_callback instead /webdata/ibdnew/ThinkPHP/Lib/Core/Db.class.php 第 605 行.
SQL: SELECT * FROM `lab-liver_function` WHERE ( cnum="15061204" and time = "2018-06-04 00:00:00" ) LIMIT 1   [ RunTime:0.000302s ]

[ 2018-08-17T21:12:50+08:00 ] 219.239.227.199 /ibdnew/index.php/test/getInfo
INFO: [ app_begin ] --START--
INFO: ReadHtmlCache Behavior ::run [ RunTime:0.000265s ]
INFO: [ app_begin ] --END-- [ RunTime:0.000299s ]
SQL: SHOW COLUMNS FROM `lab-stool_routine` [ RunTime:0.000715s ]
NOTIC: [8192] preg_replace(): The /e modifier is deprecated, use preg_replace_callback instead /webdata/ibdnew/ThinkPHP/Lib/Core/Db.class.php 第 605 行.
SQL: SELECT * FROM `lab-stool_routine` WHERE ( cnum="15061204" and time = "2018-06-04 00:00:00" ) LIMIT 1   [ RunTime:0.000272s ]

[ 2018-08-17T21:12:53+08:00 ] 219.239.227.199 /ibdnew/index.php/test/getInfo
INFO: [ app_begin ] --START--
INFO: ReadHtmlCache Behavior ::run [ RunTime:0.000310s ]
INFO: [ app_begin ] --END-- [ RunTime:0.000357s ]
SQL: SHOW COLUMNS FROM `lab-tc_bc` [ RunTime:0.000659s ]
NOTIC: [8192] preg_replace(): The /e modifier is deprecated, use preg_replace_callback instead /webdata/ibdnew/ThinkPHP/Lib/Core/Db.class.php 第 605 行.
SQL: SELECT * FROM `lab-tc_bc` WHERE ( cnum="15061204" and time = "2018-06-04 00:00:00" ) LIMIT 1   [ RunTime:0.000337s ]

[ 2018-08-17T21:12:58+08:00 ] 219.239.227.199 /ibdnew/index.php/test/getInfo
INFO: [ app_begin ] --START--
INFO: ReadHtmlCache Behavior ::run [ RunTime:0.000303s ]
INFO: [ app_begin ] --END-- [ RunTime:0.000349s ]
SQL: SHOW COLUMNS FROM `lab-urine_analyse` [ RunTime:0.000997s ]
NOTIC: [8192] preg_replace(): The /e modifier is deprecated, use preg_replace_callback instead /webdata/ibdnew/ThinkPHP/Lib/Core/Db.class.php 第 605 行.
SQL: SELECT * FROM `lab-urine_analyse` WHERE ( cnum="15061204" and time = "2018-06-05 00:00:00" ) LIMIT 1   [ RunTime:0.000318s ]

[ 2018-08-17T21:43:36+08:00 ] 219.239.227.201 /ibdnew/index.php/login/login
INFO: [ app_begin ] --START--
INFO: ReadHtmlCache Behavior ::run [ RunTime:0.000357s ]
INFO: [ app_begin ] --END-- [ RunTime:0.000401s ]
SQL: SHOW COLUMNS FROM `user` [ RunTime:0.000736s ]
NOTIC: [8192] preg_replace(): The /e modifier is deprecated, use preg_replace_callback instead /webdata/ibdnew/ThinkPHP/Lib/Core/Db.class.php 第 605 行.
SQL: SELECT `passwd` FROM `user` WHERE ( name="lnn970215" ) LIMIT 1   [ RunTime:0.000207s ]
NOTIC: [8192] preg_replace(): The /e modifier is deprecated, use preg_replace_callback instead /webdata/ibdnew/ThinkPHP/Lib/Core/Db.class.php 第 605 行.
SQL: SELECT `uid` FROM `user` WHERE ( name="lnn970215" ) LIMIT 1   [ RunTime:0.000185s ]
NOTIC: [8192] preg_replace(): The /e modifier is deprecated, use preg_replace_callback instead /webdata/ibdnew/ThinkPHP/Lib/Core/Db.class.php 第 605 行.
SQL: SELECT `email` FROM `user` WHERE ( name="lnn970215" ) LIMIT 1   [ RunTime:0.000163s ]

