[ 2018-03-16T14:37:11+08:00 ] 106.39.41.162 /ibdnew/index.php/login/login
INFO: [ app_begin ] --START--
INFO: ReadHtmlCache Behavior ::run [ RunTime:0.000263s ]
INFO: [ app_begin ] --END-- [ RunTime:0.000297s ]
SQL: SHOW COLUMNS FROM `user` [ RunTime:0.001057s ]
NOTIC: [8192] preg_replace(): The /e modifier is deprecated, use preg_replace_callback instead /webdata/ibdnew/ThinkPHP/Lib/Core/Db.class.php 第 605 行.
SQL: SELECT `passwd` FROM `user` WHERE ( name="lnn970215" ) LIMIT 1   [ RunTime:0.000182s ]
NOTIC: [8192] preg_replace(): The /e modifier is deprecated, use preg_replace_callback instead /webdata/ibdnew/ThinkPHP/Lib/Core/Db.class.php 第 605 行.
SQL: SELECT `uid` FROM `user` WHERE ( name="lnn970215" ) LIMIT 1   [ RunTime:0.000180s ]
NOTIC: [8192] preg_replace(): The /e modifier is deprecated, use preg_replace_callback instead /webdata/ibdnew/ThinkPHP/Lib/Core/Db.class.php 第 605 行.
SQL: SELECT `email` FROM `user` WHERE ( name="lnn970215" ) LIMIT 1   [ RunTime:0.000141s ]

[ 2018-03-16T14:37:11+08:00 ] 106.39.41.162 /ibdnew/index.php
ERR: 模板不存在[./Home/Tpl/./Home/Tpl/Index/Index.html.html]

[ 2018-03-16T14:37:20+08:00 ] 106.39.41.162 /ibdnew/index.php
ERR: 模板不存在[./Home/Tpl/./Home/Tpl/Index/Index.html.html]

[ 2018-03-16T14:38:14+08:00 ] 106.39.41.162 /ibdnew/index.php/new/newPatient
ERR: 模板不存在[./Home/Tpl/New/newpatient.html]

[ 2018-03-16T14:39:34+08:00 ] 106.39.41.162 /ibdnew/index.php/new/newPatient
ERR: 模板不存在[./Home/Tpl/New/newpatient.html]

[ 2018-03-16T15:09:52+08:00 ] 106.39.41.162 /ibdnew/index.php/new/savePatient
INFO: [ app_begin ] --START--
INFO: ReadHtmlCache Behavior ::run [ RunTime:0.000269s ]
INFO: [ app_begin ] --END-- [ RunTime:0.000305s ]
SQL: SHOW COLUMNS FROM `basic` [ RunTime:0.000717s ]
NOTIC: [8192] preg_replace(): The /e modifier is deprecated, use preg_replace_callback instead /webdata/ibdnew/ThinkPHP/Lib/Core/Db.class.php 第 605 行.
SQL: SELECT `cnum` FROM `basic` WHERE ( cnum = "4564" ) LIMIT 1   [ RunTime:0.000242s ]

[ 2018-03-16T15:09:57+08:00 ] 106.39.41.162 /ibdnew/index.php/new/savePatient
INFO: [ app_begin ] --START--
INFO: ReadHtmlCache Behavior ::run [ RunTime:0.000330s ]
INFO: [ app_begin ] --END-- [ RunTime:0.000372s ]
SQL: SHOW COLUMNS FROM `basic` [ RunTime:0.000714s ]
NOTIC: [8192] preg_replace(): The /e modifier is deprecated, use preg_replace_callback instead /webdata/ibdnew/ThinkPHP/Lib/Core/Db.class.php 第 605 行.
SQL: SELECT `cnum` FROM `basic` WHERE ( cnum = "4564" ) LIMIT 1   [ RunTime:0.000179s ]

[ 2018-03-16T15:12:20+08:00 ] 106.39.41.162 /ibdnew/index.php/new/savePatient
INFO: [ app_begin ] --START--
INFO: ReadHtmlCache Behavior ::run [ RunTime:0.000278s ]
INFO: [ app_begin ] --END-- [ RunTime:0.000311s ]
SQL: SHOW COLUMNS FROM `basic` [ RunTime:0.000638s ]
NOTIC: [8192] preg_replace(): The /e modifier is deprecated, use preg_replace_callback instead /webdata/ibdnew/ThinkPHP/Lib/Core/Db.class.php 第 605 行.
SQL: SELECT `cnum` FROM `basic` WHERE ( cnum = "15061201" ) LIMIT 1   [ RunTime:0.000198s ]

