[ 2018-05-10T10:25:38+08:00 ] 219.239.227.205 /ibdnew/index.php/login/login
INFO: [ app_begin ] --START--
INFO: ReadHtmlCache Behavior ::run [ RunTime:0.000314s ]
INFO: [ app_begin ] --END-- [ RunTime:0.000349s ]
SQL: SHOW COLUMNS FROM `user` [ RunTime:0.001621s ]
NOTIC: [8192] preg_replace(): The /e modifier is deprecated, use preg_replace_callback instead /webdata/ibdnew/ThinkPHP/Lib/Core/Db.class.php 第 605 行.
SQL: SELECT `passwd` FROM `user` WHERE ( name="lnn970215" ) LIMIT 1   [ RunTime:0.000297s ]
NOTIC: [8192] preg_replace(): The /e modifier is deprecated, use preg_replace_callback instead /webdata/ibdnew/ThinkPHP/Lib/Core/Db.class.php 第 605 行.
SQL: SELECT `uid` FROM `user` WHERE ( name="lnn970215" ) LIMIT 1   [ RunTime:0.000190s ]
NOTIC: [8192] preg_replace(): The /e modifier is deprecated, use preg_replace_callback instead /webdata/ibdnew/ThinkPHP/Lib/Core/Db.class.php 第 605 行.
SQL: SELECT `email` FROM `user` WHERE ( name="lnn970215" ) LIMIT 1   [ RunTime:0.000141s ]

[ 2018-05-10T10:58:09+08:00 ] 219.239.227.205 /ibdnew/index.php/Symptoms/Symptoms
ERR: 模板不存在[./Home/Tpl/Symptoms/symptoms.html]

[ 2018-05-10T10:58:19+08:00 ] 219.239.227.205 /ibdnew/index.php/Diagnosis/Diagnosis
ERR: 模板不存在[./Home/Tpl/Diagnosis/diagnosis.html]

[ 2018-05-10T10:59:00+08:00 ] 219.239.227.205 /ibdnew/index.php/Symptoms/Symptoms
ERR: 模板不存在[./Home/Tpl/Symptoms/symptoms.html]

[ 2018-05-10T11:00:31+08:00 ] 219.239.227.205 /ibdnew/index.php/Symptoms/Symptoms
ERR: 模板不存在[./Home/Tpl/Symptoms/symptoms.html]

[ 2018-05-10T21:10:14+08:00 ] 1.90.40.169 /ibdnew/index.php/login/login
INFO: [ app_begin ] --START--
INFO: ReadHtmlCache Behavior ::run [ RunTime:0.000290s ]
INFO: [ app_begin ] --END-- [ RunTime:0.000332s ]
SQL: SHOW COLUMNS FROM `user` [ RunTime:0.000660s ]
NOTIC: [8192] preg_replace(): The /e modifier is deprecated, use preg_replace_callback instead /webdata/ibdnew/ThinkPHP/Lib/Core/Db.class.php 第 605 行.
SQL: SELECT `passwd` FROM `user` WHERE ( name="visitor" ) LIMIT 1   [ RunTime:0.000205s ]
NOTIC: [8192] preg_replace(): The /e modifier is deprecated, use preg_replace_callback instead /webdata/ibdnew/ThinkPHP/Lib/Core/Db.class.php 第 605 行.
SQL: SELECT `uid` FROM `user` WHERE ( name="visitor" ) LIMIT 1   [ RunTime:0.000149s ]
NOTIC: [8192] preg_replace(): The /e modifier is deprecated, use preg_replace_callback instead /webdata/ibdnew/ThinkPHP/Lib/Core/Db.class.php 第 605 行.
SQL: SELECT `email` FROM `user` WHERE ( name="visitor" ) LIMIT 1   [ RunTime:0.000144s ]

[ 2018-05-10T21:30:09+08:00 ] 1.90.40.169 /ibdnew/index.php/login/login
INFO: [ app_begin ] --START--
INFO: ReadHtmlCache Behavior ::run [ RunTime:0.000261s ]
INFO: [ app_begin ] --END-- [ RunTime:0.000296s ]
SQL: SHOW COLUMNS FROM `user` [ RunTime:0.000682s ]
NOTIC: [8192] preg_replace(): The /e modifier is deprecated, use preg_replace_callback instead /webdata/ibdnew/ThinkPHP/Lib/Core/Db.class.php 第 605 行.
SQL: SELECT `passwd` FROM `user` WHERE ( name="visitor" ) LIMIT 1   [ RunTime:0.000204s ]
NOTIC: [8192] preg_replace(): The /e modifier is deprecated, use preg_replace_callback instead /webdata/ibdnew/ThinkPHP/Lib/Core/Db.class.php 第 605 行.
SQL: SELECT `uid` FROM `user` WHERE ( name="visitor" ) LIMIT 1   [ RunTime:0.000149s ]
NOTIC: [8192] preg_replace(): The /e modifier is deprecated, use preg_replace_callback instead /webdata/ibdnew/ThinkPHP/Lib/Core/Db.class.php 第 605 行.
SQL: SELECT `email` FROM `user` WHERE ( name="visitor" ) LIMIT 1   [ RunTime:0.000214s ]

