[ 2018-07-05T21:18:47+08:00 ] 219.239.227.241 /ibdnew/index.php/login/login
INFO: [ app_begin ] --START--
INFO: ReadHtmlCache Behavior ::run [ RunTime:0.000259s ]
INFO: [ app_begin ] --END-- [ RunTime:0.000294s ]
SQL: SHOW COLUMNS FROM `user` [ RunTime:0.000603s ]
NOTIC: [8192] preg_replace(): The /e modifier is deprecated, use preg_replace_callback instead /webdata/ibdnew/ThinkPHP/Lib/Core/Db.class.php 第 605 行.
SQL: SELECT `passwd` FROM `user` WHERE ( name="lnn970215" ) LIMIT 1   [ RunTime:0.000219s ]
NOTIC: [8192] preg_replace(): The /e modifier is deprecated, use preg_replace_callback instead /webdata/ibdnew/ThinkPHP/Lib/Core/Db.class.php 第 605 行.
SQL: SELECT `uid` FROM `user` WHERE ( name="lnn970215" ) LIMIT 1   [ RunTime:0.000151s ]
NOTIC: [8192] preg_replace(): The /e modifier is deprecated, use preg_replace_callback instead /webdata/ibdnew/ThinkPHP/Lib/Core/Db.class.php 第 605 行.
SQL: SELECT `email` FROM `user` WHERE ( name="lnn970215" ) LIMIT 1   [ RunTime:0.000133s ]

[ 2018-07-05T21:18:57+08:00 ] 219.239.227.241 /ibdnew/index.php/Medicine/get_medname
INFO: [ app_begin ] --START--
INFO: ReadHtmlCache Behavior ::run [ RunTime:0.000290s ]
INFO: [ app_begin ] --END-- [ RunTime:0.000327s ]
NOTIC: [2048] Declaration of MedicineAction::redirect() should be compatible with Action::redirect($url, $params = Array, $delay = 0, $msg = '') /webdata/ibdnew/Home/Lib/Action/MedicineAction.class.php 第 3 行.
SQL: SHOW COLUMNS FROM `med_info` [ RunTime:0.000812s ]
NOTIC: [8192] preg_replace(): The /e modifier is deprecated, use preg_replace_callback instead /webdata/ibdnew/ThinkPHP/Lib/Core/Db.class.php 第 605 行.
SQL: SELECT DISTINCT  `med_name` FROM `med_info`  [ RunTime:0.000199s ]
NOTIC: [8192] preg_replace(): The /e modifier is deprecated, use preg_replace_callback instead /webdata/ibdnew/ThinkPHP/Lib/Core/Db.class.php 第 605 行.
SQL: SELECT DISTINCT  `pro_name` FROM `med_info`  [ RunTime:0.000148s ]
NOTIC: [8192] preg_replace(): The /e modifier is deprecated, use preg_replace_callback instead /webdata/ibdnew/ThinkPHP/Lib/Core/Db.class.php 第 605 行.
SQL: SELECT DISTINCT  `med_type` FROM `med_info`  [ RunTime:0.000144s ]
NOTIC: [8192] preg_replace(): The /e modifier is deprecated, use preg_replace_callback instead /webdata/ibdnew/ThinkPHP/Lib/Core/Db.class.php 第 605 行.
SQL: SELECT DISTINCT  `specification` FROM `med_info`  [ RunTime:0.000148s ]
NOTIC: [8192] preg_replace(): The /e modifier is deprecated, use preg_replace_callback instead /webdata/ibdnew/ThinkPHP/Lib/Core/Db.class.php 第 605 行.
SQL: SELECT DISTINCT  `belong` FROM `med_info`  [ RunTime:0.000151s ]

