[ 2018-08-07T21:14:36+08:00 ] 124.65.138.106 /ibdnew/index.php/login/login
INFO: [ app_begin ] --START--
INFO: ReadHtmlCache Behavior ::run [ RunTime:0.000368s ]
INFO: [ app_begin ] --END-- [ RunTime:0.000404s ]
SQL: SHOW COLUMNS FROM `user` [ RunTime:0.000699s ]
NOTIC: [8192] preg_replace(): The /e modifier is deprecated, use preg_replace_callback instead /webdata/ibdnew/ThinkPHP/Lib/Core/Db.class.php 第 605 行.
SQL: SELECT `passwd` FROM `user` WHERE ( name="visitor" ) LIMIT 1   [ RunTime:0.000258s ]
NOTIC: [8192] preg_replace(): The /e modifier is deprecated, use preg_replace_callback instead /webdata/ibdnew/ThinkPHP/Lib/Core/Db.class.php 第 605 行.
SQL: SELECT `uid` FROM `user` WHERE ( name="visitor" ) LIMIT 1   [ RunTime:0.000176s ]
NOTIC: [8192] preg_replace(): The /e modifier is deprecated, use preg_replace_callback instead /webdata/ibdnew/ThinkPHP/Lib/Core/Db.class.php 第 605 行.
SQL: SELECT `email` FROM `user` WHERE ( name="visitor" ) LIMIT 1   [ RunTime:0.000161s ]

[ 2018-08-07T21:15:43+08:00 ] 124.65.138.106 /ibdnew/index.php/show/data-table.html
ERR: 非法操作:data-table

[ 2018-08-07T21:16:12+08:00 ] 124.65.138.106 /ibdnew/index.php/Medicine/get_medname
INFO: [ app_begin ] --START--
INFO: ReadHtmlCache Behavior ::run [ RunTime:0.000277s ]
INFO: [ app_begin ] --END-- [ RunTime:0.000314s ]
NOTIC: [2048] Declaration of MedicineAction::redirect() should be compatible with Action::redirect($url, $params = Array, $delay = 0, $msg = '') /webdata/ibdnew/Home/Lib/Action/MedicineAction.class.php 第 3 行.
SQL: SHOW COLUMNS FROM `med_info` [ RunTime:0.000682s ]
NOTIC: [8192] preg_replace(): The /e modifier is deprecated, use preg_replace_callback instead /webdata/ibdnew/ThinkPHP/Lib/Core/Db.class.php 第 605 行.
SQL: SELECT DISTINCT  `med_name` FROM `med_info`  [ RunTime:0.000445s ]
NOTIC: [8192] preg_replace(): The /e modifier is deprecated, use preg_replace_callback instead /webdata/ibdnew/ThinkPHP/Lib/Core/Db.class.php 第 605 行.
SQL: SELECT DISTINCT  `pro_name` FROM `med_info`  [ RunTime:0.000295s ]
NOTIC: [8192] preg_replace(): The /e modifier is deprecated, use preg_replace_callback instead /webdata/ibdnew/ThinkPHP/Lib/Core/Db.class.php 第 605 行.
SQL: SELECT DISTINCT  `med_type` FROM `med_info`  [ RunTime:0.000311s ]
NOTIC: [8192] preg_replace(): The /e modifier is deprecated, use preg_replace_callback instead /webdata/ibdnew/ThinkPHP/Lib/Core/Db.class.php 第 605 行.
SQL: SELECT DISTINCT  `specification` FROM `med_info`  [ RunTime:0.000385s ]
NOTIC: [8192] preg_replace(): The /e modifier is deprecated, use preg_replace_callback instead /webdata/ibdnew/ThinkPHP/Lib/Core/Db.class.php 第 605 行.
SQL: SELECT DISTINCT  `belong` FROM `med_info`  [ RunTime:0.000312s ]

[ 2018-08-07T21:16:43+08:00 ] 61.151.225.181 /ibdnew/index.php/show/data-table.html
ERR: 非法操作:data-table

